{"C:\\Users\\Andrus\\Desktop\\Kool\\Valikpraktika\\hk-tunniplaan\\development\\api\\src\\app.ts":{"path":"C:\\Users\\Andrus\\Desktop\\Kool\\Valikpraktika\\hk-tunniplaan\\development\\api\\src\\app.ts","statementMap":{"0":{"start":{"line":2,"column":16},"end":{"line":10,"column":1}},"1":{"start":{"line":3,"column":28},"end":{"line":3,"column":110}},"2":{"start":{"line":3,"column":91},"end":{"line":3,"column":106}},"3":{"start":{"line":4,"column":4},"end":{"line":9,"column":7}},"4":{"start":{"line":5,"column":36},"end":{"line":5,"column":97}},"5":{"start":{"line":5,"column":42},"end":{"line":5,"column":70}},"6":{"start":{"line":5,"column":85},"end":{"line":5,"column":95}},"7":{"start":{"line":6,"column":35},"end":{"line":6,"column":100}},"8":{"start":{"line":6,"column":41},"end":{"line":6,"column":73}},"9":{"start":{"line":6,"column":88},"end":{"line":6,"column":98}},"10":{"start":{"line":7,"column":32},"end":{"line":7,"column":116}},"11":{"start":{"line":8,"column":8},"end":{"line":8,"column":78}},"12":{"start":{"line":11,"column":22},"end":{"line":13,"column":1}},"13":{"start":{"line":12,"column":4},"end":{"line":12,"column":62}},"14":{"start":{"line":14,"column":0},"end":{"line":14,"column":62}},"15":{"start":{"line":18,"column":18},"end":{"line":18,"column":53}},"16":{"start":{"line":19,"column":29},"end":{"line":19,"column":75}},"17":{"start":{"line":20,"column":15},"end":{"line":20,"column":47}},"18":{"start":{"line":21,"column":23},"end":{"line":21,"column":65}},"19":{"start":{"line":22,"column":21},"end":{"line":22,"column":77}},"20":{"start":{"line":23,"column":21},"end":{"line":23,"column":78}},"21":{"start":{"line":24,"column":21},"end":{"line":24,"column":79}},"22":{"start":{"line":25,"column":21},"end":{"line":25,"column":81}},"23":{"start":{"line":26,"column":21},"end":{"line":26,"column":79}},"24":{"start":{"line":27,"column":21},"end":{"line":27,"column":77}},"25":{"start":{"line":28,"column":21},"end":{"line":28,"column":81}},"26":{"start":{"line":29,"column":21},"end":{"line":29,"column":81}},"27":{"start":{"line":30,"column":32},"end":{"line":30,"column":113}},"28":{"start":{"line":31,"column":21},"end":{"line":31,"column":77}},"29":{"start":{"line":32,"column":17},"end":{"line":32,"column":36}},"30":{"start":{"line":33,"column":12},"end":{"line":33,"column":36}},"31":{"start":{"line":35,"column":0},"end":{"line":37,"column":4}},"32":{"start":{"line":38,"column":0},"end":{"line":38,"column":34}},"33":{"start":{"line":39,"column":0},"end":{"line":39,"column":117}},"34":{"start":{"line":40,"column":0},"end":{"line":40,"column":39}},"35":{"start":{"line":41,"column":0},"end":{"line":49,"column":4}},"36":{"start":{"line":41,"column":28},"end":{"line":49,"column":2}},"37":{"start":{"line":43,"column":4},"end":{"line":43,"column":86}},"38":{"start":{"line":44,"column":4},"end":{"line":44,"column":85}},"39":{"start":{"line":45,"column":4},"end":{"line":45,"column":70}},"40":{"start":{"line":47,"column":4},"end":{"line":47,"column":24}},"41":{"start":{"line":48,"column":4},"end":{"line":48,"column":11}},"42":{"start":{"line":53,"column":0},"end":{"line":53,"column":47}},"43":{"start":{"line":55,"column":0},"end":{"line":55,"column":82}},"44":{"start":{"line":61,"column":0},"end":{"line":61,"column":52}},"45":{"start":{"line":62,"column":0},"end":{"line":62,"column":56}},"46":{"start":{"line":63,"column":0},"end":{"line":63,"column":58}},"47":{"start":{"line":64,"column":0},"end":{"line":64,"column":61}},"48":{"start":{"line":66,"column":0},"end":{"line":66,"column":57}},"49":{"start":{"line":68,"column":0},"end":{"line":68,"column":62}},"50":{"start":{"line":69,"column":0},"end":{"line":69,"column":69}},"51":{"start":{"line":70,"column":0},"end":{"line":70,"column":77}},"52":{"start":{"line":71,"column":0},"end":{"line":71,"column":59}},"53":{"start":{"line":72,"column":0},"end":{"line":72,"column":64}},"54":{"start":{"line":73,"column":0},"end":{"line":73,"column":65}},"55":{"start":{"line":74,"column":0},"end":{"line":74,"column":85}},"56":{"start":{"line":76,"column":0},"end":{"line":76,"column":64}},"57":{"start":{"line":77,"column":0},"end":{"line":77,"column":80}},"58":{"start":{"line":78,"column":0},"end":{"line":78,"column":64}},"59":{"start":{"line":79,"column":0},"end":{"line":79,"column":90}},"60":{"start":{"line":80,"column":0},"end":{"line":80,"column":84}},"61":{"start":{"line":81,"column":0},"end":{"line":81,"column":102}},"62":{"start":{"line":83,"column":0},"end":{"line":83,"column":58}},"63":{"start":{"line":84,"column":0},"end":{"line":84,"column":62}},"64":{"start":{"line":85,"column":0},"end":{"line":85,"column":55}},"65":{"start":{"line":86,"column":0},"end":{"line":86,"column":64}},"66":{"start":{"line":87,"column":0},"end":{"line":87,"column":67}},"67":{"start":{"line":89,"column":0},"end":{"line":89,"column":56}},"68":{"start":{"line":90,"column":0},"end":{"line":90,"column":60}},"69":{"start":{"line":91,"column":0},"end":{"line":91,"column":53}},"70":{"start":{"line":92,"column":0},"end":{"line":92,"column":62}},"71":{"start":{"line":93,"column":0},"end":{"line":93,"column":65}},"72":{"start":{"line":95,"column":0},"end":{"line":95,"column":52}},"73":{"start":{"line":96,"column":0},"end":{"line":96,"column":56}},"74":{"start":{"line":97,"column":0},"end":{"line":97,"column":49}},"75":{"start":{"line":98,"column":0},"end":{"line":98,"column":58}},"76":{"start":{"line":99,"column":0},"end":{"line":99,"column":61}},"77":{"start":{"line":101,"column":0},"end":{"line":101,"column":60}},"78":{"start":{"line":102,"column":0},"end":{"line":102,"column":64}},"79":{"start":{"line":103,"column":0},"end":{"line":103,"column":57}},"80":{"start":{"line":104,"column":0},"end":{"line":104,"column":66}},"81":{"start":{"line":105,"column":0},"end":{"line":105,"column":69}},"82":{"start":{"line":106,"column":0},"end":{"line":106,"column":85}},"83":{"start":{"line":107,"column":0},"end":{"line":107,"column":22}}},"fnMap":{"0":{"name":"(anonymous_0)","decl":{"start":{"line":2,"column":44},"end":{"line":2,"column":45}},"loc":{"start":{"line":2,"column":89},"end":{"line":10,"column":1}},"line":2},"1":{"name":"adopt","decl":{"start":{"line":3,"column":13},"end":{"line":3,"column":18}},"loc":{"start":{"line":3,"column":26},"end":{"line":3,"column":112}},"line":3},"2":{"name":"(anonymous_2)","decl":{"start":{"line":3,"column":70},"end":{"line":3,"column":71}},"loc":{"start":{"line":3,"column":89},"end":{"line":3,"column":108}},"line":3},"3":{"name":"(anonymous_3)","decl":{"start":{"line":4,"column":36},"end":{"line":4,"column":37}},"loc":{"start":{"line":4,"column":63},"end":{"line":9,"column":5}},"line":4},"4":{"name":"fulfilled","decl":{"start":{"line":5,"column":17},"end":{"line":5,"column":26}},"loc":{"start":{"line":5,"column":34},"end":{"line":5,"column":99}},"line":5},"5":{"name":"rejected","decl":{"start":{"line":6,"column":17},"end":{"line":6,"column":25}},"loc":{"start":{"line":6,"column":33},"end":{"line":6,"column":102}},"line":6},"6":{"name":"step","decl":{"start":{"line":7,"column":17},"end":{"line":7,"column":21}},"loc":{"start":{"line":7,"column":30},"end":{"line":7,"column":118}},"line":7},"7":{"name":"(anonymous_7)","decl":{"start":{"line":11,"column":56},"end":{"line":11,"column":57}},"loc":{"start":{"line":11,"column":71},"end":{"line":13,"column":1}},"line":11},"8":{"name":"(anonymous_8)","decl":{"start":{"line":41,"column":8},"end":{"line":41,"column":9}},"loc":{"start":{"line":41,"column":28},"end":{"line":49,"column":2}},"line":41},"9":{"name":"(anonymous_9)","decl":{"start":{"line":41,"column":62},"end":{"line":41,"column":63}},"loc":{"start":{"line":41,"column":75},"end":{"line":49,"column":1}},"line":41}},"branchMap":{"0":{"loc":{"start":{"line":2,"column":16},"end":{"line":10,"column":1}},"type":"binary-expr","locations":[{"start":{"line":2,"column":17},"end":{"line":2,"column":21}},{"start":{"line":2,"column":25},"end":{"line":2,"column":39}},{"start":{"line":2,"column":44},"end":{"line":10,"column":1}}],"line":2},"1":{"loc":{"start":{"line":3,"column":35},"end":{"line":3,"column":109}},"type":"cond-expr","locations":[{"start":{"line":3,"column":56},"end":{"line":3,"column":61}},{"start":{"line":3,"column":64},"end":{"line":3,"column":109}}],"line":3},"2":{"loc":{"start":{"line":4,"column":16},"end":{"line":4,"column":34}},"type":"binary-expr","locations":[{"start":{"line":4,"column":16},"end":{"line":4,"column":17}},{"start":{"line":4,"column":22},"end":{"line":4,"column":33}}],"line":4},"3":{"loc":{"start":{"line":7,"column":32},"end":{"line":7,"column":115}},"type":"cond-expr","locations":[{"start":{"line":7,"column":46},"end":{"line":7,"column":67}},{"start":{"line":7,"column":70},"end":{"line":7,"column":115}}],"line":7},"4":{"loc":{"start":{"line":8,"column":51},"end":{"line":8,"column":67}},"type":"binary-expr","locations":[{"start":{"line":8,"column":51},"end":{"line":8,"column":61}},{"start":{"line":8,"column":65},"end":{"line":8,"column":67}}],"line":8},"5":{"loc":{"start":{"line":11,"column":22},"end":{"line":13,"column":1}},"type":"binary-expr","locations":[{"start":{"line":11,"column":23},"end":{"line":11,"column":27}},{"start":{"line":11,"column":31},"end":{"line":11,"column":51}},{"start":{"line":11,"column":56},"end":{"line":13,"column":1}}],"line":11},"6":{"loc":{"start":{"line":12,"column":11},"end":{"line":12,"column":61}},"type":"cond-expr","locations":[{"start":{"line":12,"column":37},"end":{"line":12,"column":40}},{"start":{"line":12,"column":43},"end":{"line":12,"column":61}}],"line":12},"7":{"loc":{"start":{"line":12,"column":12},"end":{"line":12,"column":33}},"type":"binary-expr","locations":[{"start":{"line":12,"column":12},"end":{"line":12,"column":15}},{"start":{"line":12,"column":19},"end":{"line":12,"column":33}}],"line":12}},"s":{"0":1,"1":0,"2":0,"3":0,"4":0,"5":0,"6":0,"7":0,"8":0,"9":0,"10":0,"11":0,"12":1,"13":14,"14":1,"15":1,"16":1,"17":1,"18":1,"19":1,"20":1,"21":1,"22":1,"23":1,"24":1,"25":1,"26":1,"27":1,"28":1,"29":1,"30":1,"31":1,"32":1,"33":1,"34":1,"35":1,"36":0,"37":0,"38":0,"39":0,"40":0,"41":0,"42":1,"43":1,"44":1,"45":1,"46":1,"47":1,"48":1,"49":1,"50":1,"51":1,"52":1,"53":1,"54":1,"55":1,"56":1,"57":1,"58":1,"59":1,"60":1,"61":1,"62":1,"63":1,"64":1,"65":1,"66":1,"67":1,"68":1,"69":1,"70":1,"71":1,"72":1,"73":1,"74":1,"75":1,"76":1,"77":1,"78":1,"79":1,"80":1,"81":1,"82":1,"83":1},"f":{"0":0,"1":0,"2":0,"3":0,"4":0,"5":0,"6":0,"7":14,"8":0,"9":0},"b":{"0":[1,1,1],"1":[0,0],"2":[0,0],"3":[0,0],"4":[0,0],"5":[1,1,1],"6":[10,4],"7":[14,14]},"inputSourceMap":{"version":3,"file":"C:/Users/Andrus/Desktop/Kool/Valikpraktika/hk-tunniplaan/development/api/src/app.ts","sources":["C:/Users/Andrus/Desktop/Kool/Valikpraktika/hk-tunniplaan/development/api/src/app.ts"],"names":[],"mappings":";;;;;;;;;;;;;;AAAA,mCAAmC;AACnC,sCAAsC;AACtC,yCAAyC;AACzC,sDAEiB;AACjB,4EAA2C;AAC3C,gDAAwB;AACxB,kEAAqC;AACrC,8EAA0D;AAC1D,+EAA2D;AAC3D,gFAAgE;AAChE,kFAAiE;AACjE,gFAA8D;AAC9D,8EAA0D;AAC1D,kFAAkE;AAClE,kFAAkE;AASlE,kHAAkF;AAGlF,8EAAgD;AAEhD,qCAAkC;AAElC,MAAM,GAAG,GAAG,IAAA,iBAAO,GAAE,CAAC,CAAC,qBAAqB;AAC5C,8BAA8B;AAC9B,GAAG,CAAC,GAAG,CAAC,IAAA,cAAI,EAAC;IACX,MAAM,EAAE,GAAG;CACZ,CAAC,CAAC,CAAC;AACJ,GAAG,CAAC,GAAG,CAAC,iBAAO,CAAC,IAAI,EAAE,CAAC,CAAC,CAAC,4DAA4D;AACrF,GAAG,CAAC,GAAG,CAAC,WAAW,EAAE,4BAAS,CAAC,KAAK,EAAE,4BAAS,CAAC,KAAK,CAAC,sBAAO,CAAC,CAAC,CAAC;AAEhE,GAAG,CAAC,GAAG,CAAC,OAAO,EAAE,oBAAI,CAAC,CAAC;AAEvB,GAAG,CAAC,GAAG,CAAC,CAAO,GAAY,EAAE,GAAa,EAAE,IAAkB,EAAE,EAAE;IAChE,sBAAsB;IACtB,eAAM,CAAC,IAAI,CAAC,gBAAgB,GAAG,CAAC,EAAE,UAAU,GAAG,CAAC,OAAO,CAAC,YAAY,CAAC,EAAE,CAAC,CAAC;IACzE,eAAM,CAAC,IAAI,CAAC,2BAA2B,GAAG,CAAC,MAAM,IAAI,GAAG,CAAC,WAAW,EAAE,CAAC,CAAC;IACxE,eAAM,CAAC,IAAI,CAAC,iBAAiB,IAAI,CAAC,SAAS,CAAC,GAAG,CAAC,IAAI,CAAC,EAAE,CAAC,CAAC;IACzD,sCAAsC;IACtC,OAAO,CAAC,GAAG,CAAC,GAAG,CAAC,EAAE,CAAC,CAAC;IAEpB,IAAI,EAAE,CAAC;AACT,CAAC,CAAA,CAAC,CAAC;AACH,eAAe;AAEf,8CAA8C;AAE9C,QAAQ;AAER,GAAG,CAAC,IAAI,CAAC,QAAQ,EAAE,oBAAc,CAAC,KAAK,CAAC,CAAC;AAEzC,iBAAiB;AACjB,GAAG,CAAC,IAAI,CAAC,QAAQ,EAAE,+BAAa,EAAE,oBAAc,CAAC,OAAO,CAAC,CAAC;AAC1D,mCAAmC;AACnC,uBAAuB;AACvB,WAAW;AACX,SAAS;AACT,0DAA0D;AAC1D,GAAG,CAAC,GAAG,CAAC,QAAQ,EAAE,oBAAc,CAAC,WAAW,CAAC,CAAC;AAC9C,GAAG,CAAC,GAAG,CAAC,YAAY,EAAE,oBAAc,CAAC,WAAW,CAAC,CAAC;AAClD,GAAG,CAAC,MAAM,CAAC,YAAY,EAAE,oBAAc,CAAC,UAAU,CAAC,CAAC;AACpD,GAAG,CAAC,KAAK,CAAC,YAAY,EAAE,oBAAc,CAAC,cAAc,CAAC,CAAC;AACvD,yEAAyE;AAEzE,GAAG,CAAC,IAAI,CAAC,aAAa,EAAE,oBAAc,CAAC,UAAU,CAAC,CAAC;AAEnD,qBAAqB;AACrB,GAAG,CAAC,GAAG,CAAC,YAAY,EAAE,oBAAkB,CAAC,iBAAiB,CAAC,CAAC;AAC5D,GAAG,CAAC,GAAG,CAAC,mBAAmB,EAAE,oBAAkB,CAAC,iBAAiB,CAAC,CAAC;AACnE,GAAG,CAAC,GAAG,CAAC,2BAA2B,EAAE,oBAAkB,CAAC,iBAAiB,CAAC,CAAC;AAC3E,GAAG,CAAC,IAAI,CAAC,WAAW,EAAE,oBAAkB,CAAC,cAAc,CAAC,CAAC;AACzD,GAAG,CAAC,KAAK,CAAC,eAAe,EAAE,oBAAkB,CAAC,cAAc,CAAC,CAAC;AAC9D,GAAG,CAAC,MAAM,CAAC,eAAe,EAAE,oBAAkB,CAAC,cAAc,CAAC,CAAC;AAC/D,GAAG,CAAC,GAAG,CAAC,6CAA6C,EAAE,oBAAkB,CAAC,OAAO,CAAC,CAAC;AAEnF,qBAAqB;AACrB,GAAG,CAAC,GAAG,CAAC,YAAY,EAAE,oBAAkB,CAAC,mBAAmB,CAAC,CAAC;AAC9D,GAAG,CAAC,GAAG,CAAC,2BAA2B,EAAE,oBAAkB,CAAC,oBAAoB,CAAC,CAAC;AAC9E,GAAG,CAAC,GAAG,CAAC,gBAAgB,EAAE,oBAAkB,CAAC,eAAe,CAAC,CAAC;AAC9D,GAAG,CAAC,IAAI,CAAC,YAAY,EAAE,+BAAa,EAAE,oBAAkB,CAAC,WAAW,CAAC,CAAC;AACtE,GAAG,CAAC,MAAM,CACR,gBAAgB,EAChB,oBAAkB,CAAC,gCAAgC,CACpD,CAAC;AACF,GAAG,CAAC,KAAK,CACP,gBAAgB,EAChB,+BAAa,EACb,oBAAkB,CAAC,kBAAkB,CACtC,CAAC;AAEF,qBAAqB;AACrB,GAAG,CAAC,GAAG,CAAC,WAAW,EAAE,oBAAiB,CAAC,cAAc,CAAC,CAAC;AACvD,GAAG,CAAC,GAAG,CAAC,eAAe,EAAE,oBAAiB,CAAC,cAAc,CAAC,CAAC;AAC3D,GAAG,CAAC,IAAI,CAAC,WAAW,EAAE,oBAAiB,CAAC,UAAU,CAAC,CAAC;AACpD,GAAG,CAAC,MAAM,CAAC,eAAe,EAAE,oBAAiB,CAAC,aAAa,CAAC,CAAC;AAC7D,GAAG,CAAC,KAAK,CAAC,eAAe,EAAE,oBAAiB,CAAC,iBAAiB,CAAC,CAAC;AAEhE,mBAAmB;AAEnB,GAAG,CAAC,GAAG,CAAC,UAAU,EAAE,oBAAgB,CAAC,aAAa,CAAC,CAAC;AACpD,GAAG,CAAC,GAAG,CAAC,cAAc,EAAE,oBAAgB,CAAC,aAAa,CAAC,CAAC;AACxD,GAAG,CAAC,IAAI,CAAC,UAAU,EAAE,oBAAgB,CAAC,SAAS,CAAC,CAAC;AACjD,GAAG,CAAC,MAAM,CAAC,cAAc,EAAE,oBAAgB,CAAC,YAAY,CAAC,CAAC;AAC1D,GAAG,CAAC,KAAK,CAAC,cAAc,EAAE,oBAAgB,CAAC,gBAAgB,CAAC,CAAC;AAE7D,iBAAiB;AAEjB,GAAG,CAAC,GAAG,CAAC,QAAQ,EAAE,oBAAc,CAAC,WAAW,CAAC,CAAC;AAC9C,GAAG,CAAC,GAAG,CAAC,YAAY,EAAE,oBAAc,CAAC,WAAW,CAAC,CAAC;AAClD,GAAG,CAAC,IAAI,CAAC,QAAQ,EAAE,oBAAc,CAAC,OAAO,CAAC,CAAC;AAC3C,GAAG,CAAC,MAAM,CAAC,YAAY,EAAE,oBAAc,CAAC,UAAU,CAAC,CAAC;AACpD,GAAG,CAAC,KAAK,CAAC,YAAY,EAAE,oBAAc,CAAC,cAAc,CAAC,CAAC;AAEvD,WAAW;AAEX,GAAG,CAAC,GAAG,CAAC,YAAY,EAAE,oBAAkB,CAAC,eAAe,CAAC,CAAC;AAC1D,GAAG,CAAC,GAAG,CAAC,gBAAgB,EAAE,oBAAkB,CAAC,eAAe,CAAC,CAAC;AAC9D,GAAG,CAAC,IAAI,CAAC,YAAY,EAAE,oBAAkB,CAAC,WAAW,CAAC,CAAC;AACvD,GAAG,CAAC,MAAM,CAAC,gBAAgB,EAAE,oBAAkB,CAAC,cAAc,CAAC,CAAC;AAChE,GAAG,CAAC,KAAK,CAAC,gBAAgB,EAAE,oBAAkB,CAAC,kBAAkB,CAAC,CAAC;AAEnE,GAAG,CAAC,GAAG,CAAC,mCAAmC,EAAE,oBAAkB,CAAC,iBAAiB,CAAC,CAAC;AAEnF,kBAAe,GAAG,CAAC","sourcesContent":["/* eslint-disable no-unused-vars */\r\n/* eslint-disable import/extensions */\r\n/* eslint-disable import/no-unresolved */\r\nimport express, {\r\n  Request, Response, Application, NextFunction,\r\n} from 'express';\r\nimport swaggerUi from 'swagger-ui-express';\r\nimport cors from 'cors';\r\nimport openapi from './openapi.json';\r\nimport authController from './components/auth/controller';\r\nimport userController from './components/users/controller';\r\nimport lecturerController from './components/lector/controller';\r\nimport subjectController from './components/subjects/controller';\r\nimport courseController from './components/course/controller';\r\nimport roomController from './components/room/controller';\r\nimport scheduleController from './components/schedule/controller';\r\nimport homeworkController from './components/homework/controller';\r\n\r\n// Järgnevad ESLint errorid on keelatud teadlikult ja lähevad eemaldamisele,\r\n// kui midllewared saavad uuesti rakendatud\r\n\r\n// eslint-disable-next-line no-unused-vars\r\nimport isAdmin from './components/auth/isAdminMiddleware';\r\n// eslint-disable-next-line no-unused-vars\r\nimport isLoggedIn from './components/auth/isLoggedInMiddleware';\r\nimport checkAlphabet from './components/general/middleware/checkLetterMiddleware';\r\n// eslint-disable-next-line no-unused-vars\r\nimport checkAlphabetAndNumber from './components/general/middleware/checkLetterAndNumberMiddleware';\r\nimport ping from './components/ping/controller';\r\nimport courseService from './components/course/service';\r\nimport { logger } from './logger';\r\n\r\nconst app = express(); // create express app\r\n// app.use(cors()); //use cors\r\napp.use(cors({\r\n  origin: '*',\r\n}));\r\napp.use(express.json()); // For creating body object inside middleware request object\r\napp.use('/api-docs', swaggerUi.serve, swaggerUi.setup(openapi));\r\n\r\napp.get('/ping', ping);\r\n\r\napp.use(async (req: Request, res: Response, next: NextFunction) => {\r\n  // Log request details\r\n  logger.info(`Request from ${req.ip} using ${req.headers['user-agent']}`);\r\n  logger.info(`Request method and URL: ${req.method} ${req.originalUrl}`);\r\n  logger.info(`Request body: ${JSON.stringify(req.body)}`);\r\n  // eslint-disable-next-line no-console\r\n  console.log(req.ip);\r\n\r\n  next();\r\n});\r\n// Schedule API\r\n\r\n// ----LOGIN AND USER ENDPOINTS NOT IN USE----\r\n\r\n// Login\r\n\r\napp.post('/login', authController.login);\r\n\r\n// User endpoints\r\napp.post('/users', checkAlphabet, userController.addUser);\r\n// login middelware from this point\r\n// app.use(isLoggedIn);\r\n// isAdmin,\r\n//-------\r\n// app.get(\"/users\", isAdmin, userController.getAllUsers);\r\napp.get('/users', userController.getAllUsers);\r\napp.get('/users/:id', userController.getUserById);\r\napp.delete('/users/:id', userController.deleteUser);\r\napp.patch('/users/:id', userController.updateUserById);\r\n// app.patch(\"/users/:id\", checkAlphabet, userController.updateUserById);\r\n\r\napp.post('/googleauth', authController.googleAuth);\r\n\r\n// Schedule endpoints\r\napp.get('/schedule/', scheduleController.getEntireSchedule);\r\napp.get('/schedule/:atDate', scheduleController.getEntireSchedule);\r\napp.get('/schedule/:atDate/:toDate', scheduleController.getEntireSchedule);\r\napp.post('/schedule', scheduleController.createSchedule);\r\napp.patch('/schedule/:id', scheduleController.updateSchedule);\r\napp.delete('/schedule/:id', scheduleController.deleteSchedule);\r\napp.get('/gcal/:atDate/:toDate/:courseId/:lecturerId', scheduleController.getgcal);\r\n\r\n// Lecturer endpoints\r\napp.get('/lecturers', lecturerController.getAllLecturersById);\r\napp.get('/lecturers/activeSubjects', lecturerController.getLecturersSubjects);\r\napp.get('/lecturers/:id', lecturerController.getLecturerById);\r\napp.post('/lecturers', checkAlphabet, lecturerController.addLecturer);\r\napp.delete(\r\n  '/lecturers/:id',\r\n  lecturerController.deleteLecturerWhenNoSubjectsById,\r\n);\r\napp.patch(\r\n  '/lecturers/:id',\r\n  checkAlphabet,\r\n  lecturerController.updateLecturerById,\r\n);\r\n\r\n// Subjects endpoints\r\napp.get('/subjects', subjectController.getAllSubjects);\r\napp.get('/subjects/:id', subjectController.getSubjectById);\r\napp.post('/subjects', subjectController.addSubject);\r\napp.delete('/subjects/:id', subjectController.deleteSubject);\r\napp.patch('/subjects/:id', subjectController.updateSubjectById);\r\n\r\n// Course endpoints\r\n\r\napp.get('/courses', courseController.getAllCourses);\r\napp.get('/courses/:id', courseController.getCourseById);\r\napp.post('/courses', courseController.addCourse);\r\napp.delete('/courses/:id', courseController.deleteCourse);\r\napp.patch('/courses/:id', courseController.updateCourseById);\r\n\r\n// Room endpoints\r\n\r\napp.get('/rooms', roomController.getAllRooms);\r\napp.get('/rooms/:id', roomController.getRoomById);\r\napp.post('/rooms', roomController.addRoom);\r\napp.delete('/rooms/:id', roomController.deleteRoom);\r\napp.patch('/rooms/:id', roomController.updateRoomById);\r\n\r\n// homework\r\n\r\napp.get('/homeworks', homeworkController.getAllHomeworks);\r\napp.get('/homeworks/:id', homeworkController.getHomeworkById);\r\napp.post('/homeworks', homeworkController.addHomework);\r\napp.delete('/homeworks/:id', homeworkController.deleteHomework);\r\napp.patch('/homeworks/:id', homeworkController.updateHomeworkById);\r\n\r\napp.get('/homeworkbycode/:code/:actualDate', homeworkController.getHomeworkByCode);\r\n\r\nexport default app;\r\n"]},"_coverageSchema":"1a1c01bbd47fc00a2c39e90264f33305004495a9","hash":"569edb06bf341964e058612fb0c35705ab34486a","contentHash":"9b543f3c00393c5eb3439e9e97c52ee53f76ee0d90ccb6664cf477557016fcaf"},"C:\\Users\\Andrus\\Desktop\\Kool\\Valikpraktika\\hk-tunniplaan\\development\\api\\src\\components\\auth\\controller.ts":{"path":"C:\\Users\\Andrus\\Desktop\\Kool\\Valikpraktika\\hk-tunniplaan\\development\\api\\src\\components\\auth\\controller.ts","statementMap":{"0":{"start":{"line":2,"column":16},"end":{"line":10,"column":1}},"1":{"start":{"line":3,"column":28},"end":{"line":3,"column":110}},"2":{"start":{"line":3,"column":91},"end":{"line":3,"column":106}},"3":{"start":{"line":4,"column":4},"end":{"line":9,"column":7}},"4":{"start":{"line":5,"column":36},"end":{"line":5,"column":97}},"5":{"start":{"line":5,"column":42},"end":{"line":5,"column":70}},"6":{"start":{"line":5,"column":85},"end":{"line":5,"column":95}},"7":{"start":{"line":6,"column":35},"end":{"line":6,"column":100}},"8":{"start":{"line":6,"column":41},"end":{"line":6,"column":73}},"9":{"start":{"line":6,"column":88},"end":{"line":6,"column":98}},"10":{"start":{"line":7,"column":32},"end":{"line":7,"column":116}},"11":{"start":{"line":8,"column":8},"end":{"line":8,"column":78}},"12":{"start":{"line":11,"column":22},"end":{"line":13,"column":1}},"13":{"start":{"line":12,"column":4},"end":{"line":12,"column":62}},"14":{"start":{"line":14,"column":0},"end":{"line":14,"column":62}},"15":{"start":{"line":15,"column":16},"end":{"line":15,"column":49}},"16":{"start":{"line":16,"column":18},"end":{"line":16,"column":55}},"17":{"start":{"line":17,"column":24},"end":{"line":17,"column":76}},"18":{"start":{"line":18,"column":23},"end":{"line":64,"column":1}},"19":{"start":{"line":19,"column":30},"end":{"line":41,"column":6}},"20":{"start":{"line":20,"column":8},"end":{"line":40,"column":9}},"21":{"start":{"line":21,"column":31},"end":{"line":21,"column":56}},"22":{"start":{"line":22,"column":32},"end":{"line":22,"column":112}},"23":{"start":{"line":23,"column":12},"end":{"line":27,"column":13}},"24":{"start":{"line":24,"column":16},"end":{"line":26,"column":19}},"25":{"start":{"line":28,"column":29},"end":{"line":32,"column":14}},"26":{"start":{"line":34,"column":33},"end":{"line":34,"column":89}},"27":{"start":{"line":35,"column":12},"end":{"line":35,"column":77}},"28":{"start":{"line":39,"column":12},"end":{"line":39,"column":64}},"29":{"start":{"line":42,"column":25},"end":{"line":63,"column":6}},"30":{"start":{"line":43,"column":36},"end":{"line":43,"column":44}},"31":{"start":{"line":44,"column":22},"end":{"line":44,"column":68}},"32":{"start":{"line":45,"column":8},"end":{"line":49,"column":9}},"33":{"start":{"line":46,"column":12},"end":{"line":48,"column":15}},"34":{"start":{"line":50,"column":8},"end":{"line":54,"column":9}},"35":{"start":{"line":51,"column":12},"end":{"line":53,"column":15}},"36":{"start":{"line":55,"column":8},"end":{"line":59,"column":9}},"37":{"start":{"line":56,"column":12},"end":{"line":58,"column":15}},"38":{"start":{"line":60,"column":8},"end":{"line":62,"column":11}},"39":{"start":{"line":65,"column":0},"end":{"line":65,"column":33}}},"fnMap":{"0":{"name":"(anonymous_0)","decl":{"start":{"line":2,"column":44},"end":{"line":2,"column":45}},"loc":{"start":{"line":2,"column":89},"end":{"line":10,"column":1}},"line":2},"1":{"name":"adopt","decl":{"start":{"line":3,"column":13},"end":{"line":3,"column":18}},"loc":{"start":{"line":3,"column":26},"end":{"line":3,"column":112}},"line":3},"2":{"name":"(anonymous_2)","decl":{"start":{"line":3,"column":70},"end":{"line":3,"column":71}},"loc":{"start":{"line":3,"column":89},"end":{"line":3,"column":108}},"line":3},"3":{"name":"(anonymous_3)","decl":{"start":{"line":4,"column":36},"end":{"line":4,"column":37}},"loc":{"start":{"line":4,"column":63},"end":{"line":9,"column":5}},"line":4},"4":{"name":"fulfilled","decl":{"start":{"line":5,"column":17},"end":{"line":5,"column":26}},"loc":{"start":{"line":5,"column":34},"end":{"line":5,"column":99}},"line":5},"5":{"name":"rejected","decl":{"start":{"line":6,"column":17},"end":{"line":6,"column":25}},"loc":{"start":{"line":6,"column":33},"end":{"line":6,"column":102}},"line":6},"6":{"name":"step","decl":{"start":{"line":7,"column":17},"end":{"line":7,"column":21}},"loc":{"start":{"line":7,"column":30},"end":{"line":7,"column":118}},"line":7},"7":{"name":"(anonymous_7)","decl":{"start":{"line":11,"column":56},"end":{"line":11,"column":57}},"loc":{"start":{"line":11,"column":71},"end":{"line":13,"column":1}},"line":11},"8":{"name":"(anonymous_8)","decl":{"start":{"line":19,"column":16},"end":{"line":19,"column":17}},"loc":{"start":{"line":19,"column":30},"end":{"line":41,"column":6}},"line":19},"9":{"name":"(anonymous_9)","decl":{"start":{"line":19,"column":64},"end":{"line":19,"column":65}},"loc":{"start":{"line":19,"column":77},"end":{"line":41,"column":5}},"line":19},"10":{"name":"(anonymous_10)","decl":{"start":{"line":42,"column":11},"end":{"line":42,"column":12}},"loc":{"start":{"line":42,"column":25},"end":{"line":63,"column":6}},"line":42},"11":{"name":"(anonymous_11)","decl":{"start":{"line":42,"column":59},"end":{"line":42,"column":60}},"loc":{"start":{"line":42,"column":72},"end":{"line":63,"column":5}},"line":42}},"branchMap":{"0":{"loc":{"start":{"line":2,"column":16},"end":{"line":10,"column":1}},"type":"binary-expr","locations":[{"start":{"line":2,"column":17},"end":{"line":2,"column":21}},{"start":{"line":2,"column":25},"end":{"line":2,"column":39}},{"start":{"line":2,"column":44},"end":{"line":10,"column":1}}],"line":2},"1":{"loc":{"start":{"line":3,"column":35},"end":{"line":3,"column":109}},"type":"cond-expr","locations":[{"start":{"line":3,"column":56},"end":{"line":3,"column":61}},{"start":{"line":3,"column":64},"end":{"line":3,"column":109}}],"line":3},"2":{"loc":{"start":{"line":4,"column":16},"end":{"line":4,"column":34}},"type":"binary-expr","locations":[{"start":{"line":4,"column":16},"end":{"line":4,"column":17}},{"start":{"line":4,"column":22},"end":{"line":4,"column":33}}],"line":4},"3":{"loc":{"start":{"line":7,"column":32},"end":{"line":7,"column":115}},"type":"cond-expr","locations":[{"start":{"line":7,"column":46},"end":{"line":7,"column":67}},{"start":{"line":7,"column":70},"end":{"line":7,"column":115}}],"line":7},"4":{"loc":{"start":{"line":8,"column":51},"end":{"line":8,"column":67}},"type":"binary-expr","locations":[{"start":{"line":8,"column":51},"end":{"line":8,"column":61}},{"start":{"line":8,"column":65},"end":{"line":8,"column":67}}],"line":8},"5":{"loc":{"start":{"line":11,"column":22},"end":{"line":13,"column":1}},"type":"binary-expr","locations":[{"start":{"line":11,"column":23},"end":{"line":11,"column":27}},{"start":{"line":11,"column":31},"end":{"line":11,"column":51}},{"start":{"line":11,"column":56},"end":{"line":13,"column":1}}],"line":11},"6":{"loc":{"start":{"line":12,"column":11},"end":{"line":12,"column":61}},"type":"cond-expr","locations":[{"start":{"line":12,"column":37},"end":{"line":12,"column":40}},{"start":{"line":12,"column":43},"end":{"line":12,"column":61}}],"line":12},"7":{"loc":{"start":{"line":12,"column":12},"end":{"line":12,"column":33}},"type":"binary-expr","locations":[{"start":{"line":12,"column":12},"end":{"line":12,"column":15}},{"start":{"line":12,"column":19},"end":{"line":12,"column":33}}],"line":12},"8":{"loc":{"start":{"line":22,"column":32},"end":{"line":22,"column":112}},"type":"cond-expr","locations":[{"start":{"line":22,"column":79},"end":{"line":22,"column":85}},{"start":{"line":22,"column":88},"end":{"line":22,"column":112}}],"line":22},"9":{"loc":{"start":{"line":22,"column":32},"end":{"line":22,"column":76}},"type":"binary-expr","locations":[{"start":{"line":22,"column":32},"end":{"line":22,"column":51}},{"start":{"line":22,"column":55},"end":{"line":22,"column":76}}],"line":22},"10":{"loc":{"start":{"line":23,"column":12},"end":{"line":27,"column":13}},"type":"if","locations":[{"start":{"line":23,"column":12},"end":{"line":27,"column":13}},{"start":{"line":23,"column":12},"end":{"line":27,"column":13}}],"line":23},"11":{"loc":{"start":{"line":45,"column":8},"end":{"line":49,"column":9}},"type":"if","locations":[{"start":{"line":45,"column":8},"end":{"line":49,"column":9}},{"start":{"line":45,"column":8},"end":{"line":49,"column":9}}],"line":45},"12":{"loc":{"start":{"line":50,"column":8},"end":{"line":54,"column":9}},"type":"if","locations":[{"start":{"line":50,"column":8},"end":{"line":54,"column":9}},{"start":{"line":50,"column":8},"end":{"line":54,"column":9}}],"line":50},"13":{"loc":{"start":{"line":55,"column":8},"end":{"line":59,"column":9}},"type":"if","locations":[{"start":{"line":55,"column":8},"end":{"line":59,"column":9}},{"start":{"line":55,"column":8},"end":{"line":59,"column":9}}],"line":55}},"s":{"0":1,"1":0,"2":0,"3":0,"4":0,"5":0,"6":0,"7":0,"8":0,"9":0,"10":0,"11":0,"12":1,"13":3,"14":1,"15":1,"16":1,"17":1,"18":1,"19":0,"20":0,"21":0,"22":0,"23":0,"24":0,"25":0,"26":0,"27":0,"28":0,"29":0,"30":0,"31":0,"32":0,"33":0,"34":0,"35":0,"36":0,"37":0,"38":0,"39":1},"f":{"0":0,"1":0,"2":0,"3":0,"4":0,"5":0,"6":0,"7":3,"8":0,"9":0,"10":0,"11":0},"b":{"0":[1,1,1],"1":[0,0],"2":[0,0],"3":[0,0],"4":[0,0],"5":[1,1,1],"6":[2,1],"7":[3,3],"8":[0,0],"9":[0,0],"10":[0,0],"11":[0,0],"12":[0,0],"13":[0,0]},"inputSourceMap":{"version":3,"file":"C:/Users/Andrus/Desktop/Kool/Valikpraktika/hk-tunniplaan/development/api/src/components/auth/controller.ts","sources":["C:/Users/Andrus/Desktop/Kool/Valikpraktika/hk-tunniplaan/development/api/src/components/auth/controller.ts"],"names":[],"mappings":";;;;;;;;;;;;;;AAGA,kDAA0B;AAC1B,wDAAqC;AACrC,6EAAqD;AAErD,MAAM,cAAc,GAAG;IACrB,UAAU,EAAE,CAAO,GAAY,EAAE,GAAa,EAAE,EAAE;QAChD,IAAI;YACF,MAAM,UAAU,GAAG,GAAG,CAAC,OAAO,CAAC,aAAa,CAAC;YAC7C,MAAM,WAAW,GAAG,UAAU,aAAV,UAAU,uBAAV,UAAU,CAAE,KAAK,CAAC,GAAG,EAAE,CAAC,CAAC,CAAC;YAC9C,IAAI,CAAC,WAAW,EAAE;gBAChB,OAAO,GAAG,CAAC,MAAM,CAAC,uBAAa,CAAC,aAAa,CAAC,CAAC,IAAI,CAAC;oBAClD,KAAK,EAAE,yBAAyB;iBACjC,CAAC,CAAC;aACJ;YAED,MAAM,QAAQ,GAAG,MAAM,eAAK,CAAC,GAAG,CAAC,+CAA+C,EAAE;gBAChF,OAAO,EAAE;oBACP,aAAa,EAAE,UAAU,WAAW,EAAE;iBACvC;aACF,CAAC,CAAC;YAEH,wDAAwD;YACxD,MAAM,YAAY,GAAG,MAAM,iBAAY,CAAC,WAAW,CAAC,QAAQ,CAAC,IAAI,CAAC,KAAK,CAAC,CAAC;YACzE,OAAO,GAAG,CAAC,MAAM,CAAC,uBAAa,CAAC,EAAE,CAAC,CAAC,IAAI,CACtC,YAAY,CACb,CAAC;SACH;QAAC,OAAO,KAAK,EAAE;YAChB,+CAA+C;YAC7C,OAAO,GAAG,CAAC,MAAM,CAAC,GAAG,CAAC,CAAC,IAAI,CAAC,sBAAsB,CAAC,CAAC;SACrD;IACH,CAAC,CAAA;IACD,KAAK,EAAE,CAAO,GAAY,EAAE,GAAa,EAAE,EAAE;QAC3C,MAAM,EAAE,KAAK,EAAE,QAAQ,EAAE,GAAG,GAAG,CAAC,IAAI,CAAC;QACrC,MAAM,KAAK,GAAG,MAAM,iBAAY,CAAC,KAAK,CAAC,KAAK,EAAE,QAAQ,CAAC,CAAC;QACxD,IAAI,KAAK,KAAK,SAAS,EAAE;YACvB,OAAO,GAAG,CAAC,MAAM,CAAC,uBAAa,CAAC,aAAa,CAAC,CAAC,IAAI,CAAC;gBAClD,KAAK,EAAE,mBAAmB;aAC3B,CAAC,CAAC;SACJ;QACD,IAAI,CAAC,KAAK,EAAE;YACV,OAAO,GAAG,CAAC,MAAM,CAAC,uBAAa,CAAC,WAAW,CAAC,CAAC,IAAI,CAAC;gBAChD,KAAK,EAAE,cAAc;aACtB,CAAC,CAAC;SACJ;QACD,IAAI,KAAK,KAAK,GAAG,EAAE;YACjB,OAAO,GAAG,CAAC,MAAM,CAAC,uBAAa,CAAC,aAAa,CAAC,CAAC,IAAI,CAAC;gBAClD,KAAK,EAAE,gBAAgB;aACxB,CAAC,CAAC;SACJ;QACD,OAAO,GAAG,CAAC,MAAM,CAAC,uBAAa,CAAC,EAAE,CAAC,CAAC,IAAI,CAAC;YACvC,KAAK;SACN,CAAC,CAAC;IACL,CAAC,CAAA;CACF,CAAC;AAEF,kBAAe,cAAc,CAAC","sourcesContent":["/* eslint-disable import/extensions */\r\n/* eslint-disable import/no-unresolved */\r\nimport { Request, Response } from 'express';\r\nimport axios from 'axios';\r\nimport loginService from './service';\r\nimport responseCodes from '../general/responseCodes';\r\n\r\nconst authController = {\r\n  googleAuth: async (req: Request, res: Response) => {\r\n    try {\r\n      const authHeader = req.headers.authorization;\r\n      const googleToken = authHeader?.split(' ')[1];\r\n      if (!googleToken) {\r\n        return res.status(responseCodes.notAuthorized).json({\r\n          error: 'No googleToken provided',\r\n        });\r\n      }\r\n\r\n      const response = await axios.get('https://www.googleapis.com/oauth2/v1/userinfo', {\r\n        headers: {\r\n          Authorization: `Bearer ${googleToken}`,\r\n        },\r\n      });\r\n\r\n      // console.log('Google response:', response.data.email);\r\n      const loginProfile = await loginService.googleLogin(response.data.email);\r\n      return res.status(responseCodes.ok).json(\r\n        loginProfile,\r\n      );\r\n    } catch (error) {\r\n    // console.error('External API error:', error);\r\n      return res.status(500).send('Google autenth error');\r\n    }\r\n  },\r\n  login: async (req: Request, res: Response) => {\r\n    const { email, password } = req.body;\r\n    const token = await loginService.login(email, password);\r\n    if (token === undefined) {\r\n      return res.status(responseCodes.notAuthorized).json({\r\n        error: 'Check credentials',\r\n      });\r\n    }\r\n    if (!token) {\r\n      return res.status(responseCodes.ServerError).json({\r\n        error: 'Server error',\r\n      });\r\n    }\r\n    if (token === '0') {\r\n      return res.status(responseCodes.notAuthorized).json({\r\n        error: 'Check password',\r\n      });\r\n    }\r\n    return res.status(responseCodes.ok).json({\r\n      token,\r\n    });\r\n  },\r\n};\r\n\r\nexport default authController;\r\n"]},"_coverageSchema":"1a1c01bbd47fc00a2c39e90264f33305004495a9","hash":"3d099bf19ff26b9d99eb61b182523c60aef77435","contentHash":"764d30a8123f3000cb5b9be06528377a8d958e73637b36ea3b1c1408bcf38213"},"C:\\Users\\Andrus\\Desktop\\Kool\\Valikpraktika\\hk-tunniplaan\\development\\api\\src\\components\\auth\\service.ts":{"path":"C:\\Users\\Andrus\\Desktop\\Kool\\Valikpraktika\\hk-tunniplaan\\development\\api\\src\\components\\auth\\service.ts","statementMap":{"0":{"start":{"line":2,"column":16},"end":{"line":10,"column":1}},"1":{"start":{"line":3,"column":28},"end":{"line":3,"column":110}},"2":{"start":{"line":3,"column":91},"end":{"line":3,"column":106}},"3":{"start":{"line":4,"column":4},"end":{"line":9,"column":7}},"4":{"start":{"line":5,"column":36},"end":{"line":5,"column":97}},"5":{"start":{"line":5,"column":42},"end":{"line":5,"column":70}},"6":{"start":{"line":5,"column":85},"end":{"line":5,"column":95}},"7":{"start":{"line":6,"column":35},"end":{"line":6,"column":100}},"8":{"start":{"line":6,"column":41},"end":{"line":6,"column":73}},"9":{"start":{"line":6,"column":88},"end":{"line":6,"column":98}},"10":{"start":{"line":7,"column":32},"end":{"line":7,"column":116}},"11":{"start":{"line":8,"column":8},"end":{"line":8,"column":78}},"12":{"start":{"line":11,"column":22},"end":{"line":13,"column":1}},"13":{"start":{"line":12,"column":4},"end":{"line":12,"column":62}},"14":{"start":{"line":14,"column":0},"end":{"line":14,"column":62}},"15":{"start":{"line":17,"column":18},"end":{"line":17,"column":62}},"16":{"start":{"line":18,"column":22},"end":{"line":18,"column":81}},"17":{"start":{"line":19,"column":21},"end":{"line":19,"column":79}},"18":{"start":{"line":20,"column":21},"end":{"line":42,"column":1}},"19":{"start":{"line":21,"column":32},"end":{"line":32,"column":6}},"20":{"start":{"line":22,"column":21},"end":{"line":22,"column":66}},"21":{"start":{"line":23,"column":8},"end":{"line":24,"column":29}},"22":{"start":{"line":24,"column":12},"end":{"line":24,"column":29}},"23":{"start":{"line":25,"column":8},"end":{"line":26,"column":25}},"24":{"start":{"line":26,"column":12},"end":{"line":26,"column":25}},"25":{"start":{"line":27,"column":22},"end":{"line":27,"column":80}},"26":{"start":{"line":28,"column":8},"end":{"line":29,"column":23}},"27":{"start":{"line":29,"column":12},"end":{"line":29,"column":23}},"28":{"start":{"line":30,"column":22},"end":{"line":30,"column":59}},"29":{"start":{"line":31,"column":8},"end":{"line":31,"column":21}},"30":{"start":{"line":33,"column":28},"end":{"line":41,"column":6}},"31":{"start":{"line":34,"column":21},"end":{"line":34,"column":66}},"32":{"start":{"line":35,"column":8},"end":{"line":36,"column":29}},"33":{"start":{"line":36,"column":12},"end":{"line":36,"column":29}},"34":{"start":{"line":37,"column":8},"end":{"line":38,"column":25}},"35":{"start":{"line":38,"column":12},"end":{"line":38,"column":25}},"36":{"start":{"line":39,"column":22},"end":{"line":39,"column":59}},"37":{"start":{"line":40,"column":8},"end":{"line":40,"column":31}},"38":{"start":{"line":43,"column":0},"end":{"line":43,"column":31}}},"fnMap":{"0":{"name":"(anonymous_0)","decl":{"start":{"line":2,"column":44},"end":{"line":2,"column":45}},"loc":{"start":{"line":2,"column":89},"end":{"line":10,"column":1}},"line":2},"1":{"name":"adopt","decl":{"start":{"line":3,"column":13},"end":{"line":3,"column":18}},"loc":{"start":{"line":3,"column":26},"end":{"line":3,"column":112}},"line":3},"2":{"name":"(anonymous_2)","decl":{"start":{"line":3,"column":70},"end":{"line":3,"column":71}},"loc":{"start":{"line":3,"column":89},"end":{"line":3,"column":108}},"line":3},"3":{"name":"(anonymous_3)","decl":{"start":{"line":4,"column":36},"end":{"line":4,"column":37}},"loc":{"start":{"line":4,"column":63},"end":{"line":9,"column":5}},"line":4},"4":{"name":"fulfilled","decl":{"start":{"line":5,"column":17},"end":{"line":5,"column":26}},"loc":{"start":{"line":5,"column":34},"end":{"line":5,"column":99}},"line":5},"5":{"name":"rejected","decl":{"start":{"line":6,"column":17},"end":{"line":6,"column":25}},"loc":{"start":{"line":6,"column":33},"end":{"line":6,"column":102}},"line":6},"6":{"name":"step","decl":{"start":{"line":7,"column":17},"end":{"line":7,"column":21}},"loc":{"start":{"line":7,"column":30},"end":{"line":7,"column":118}},"line":7},"7":{"name":"(anonymous_7)","decl":{"start":{"line":11,"column":56},"end":{"line":11,"column":57}},"loc":{"start":{"line":11,"column":71},"end":{"line":13,"column":1}},"line":11},"8":{"name":"(anonymous_8)","decl":{"start":{"line":21,"column":11},"end":{"line":21,"column":12}},"loc":{"start":{"line":21,"column":32},"end":{"line":32,"column":6}},"line":21},"9":{"name":"(anonymous_9)","decl":{"start":{"line":21,"column":66},"end":{"line":21,"column":67}},"loc":{"start":{"line":21,"column":79},"end":{"line":32,"column":5}},"line":21},"10":{"name":"(anonymous_10)","decl":{"start":{"line":33,"column":17},"end":{"line":33,"column":18}},"loc":{"start":{"line":33,"column":28},"end":{"line":41,"column":6}},"line":33},"11":{"name":"(anonymous_11)","decl":{"start":{"line":33,"column":62},"end":{"line":33,"column":63}},"loc":{"start":{"line":33,"column":75},"end":{"line":41,"column":5}},"line":33}},"branchMap":{"0":{"loc":{"start":{"line":2,"column":16},"end":{"line":10,"column":1}},"type":"binary-expr","locations":[{"start":{"line":2,"column":17},"end":{"line":2,"column":21}},{"start":{"line":2,"column":25},"end":{"line":2,"column":39}},{"start":{"line":2,"column":44},"end":{"line":10,"column":1}}],"line":2},"1":{"loc":{"start":{"line":3,"column":35},"end":{"line":3,"column":109}},"type":"cond-expr","locations":[{"start":{"line":3,"column":56},"end":{"line":3,"column":61}},{"start":{"line":3,"column":64},"end":{"line":3,"column":109}}],"line":3},"2":{"loc":{"start":{"line":4,"column":16},"end":{"line":4,"column":34}},"type":"binary-expr","locations":[{"start":{"line":4,"column":16},"end":{"line":4,"column":17}},{"start":{"line":4,"column":22},"end":{"line":4,"column":33}}],"line":4},"3":{"loc":{"start":{"line":7,"column":32},"end":{"line":7,"column":115}},"type":"cond-expr","locations":[{"start":{"line":7,"column":46},"end":{"line":7,"column":67}},{"start":{"line":7,"column":70},"end":{"line":7,"column":115}}],"line":7},"4":{"loc":{"start":{"line":8,"column":51},"end":{"line":8,"column":67}},"type":"binary-expr","locations":[{"start":{"line":8,"column":51},"end":{"line":8,"column":61}},{"start":{"line":8,"column":65},"end":{"line":8,"column":67}}],"line":8},"5":{"loc":{"start":{"line":11,"column":22},"end":{"line":13,"column":1}},"type":"binary-expr","locations":[{"start":{"line":11,"column":23},"end":{"line":11,"column":27}},{"start":{"line":11,"column":31},"end":{"line":11,"column":51}},{"start":{"line":11,"column":56},"end":{"line":13,"column":1}}],"line":11},"6":{"loc":{"start":{"line":12,"column":11},"end":{"line":12,"column":61}},"type":"cond-expr","locations":[{"start":{"line":12,"column":37},"end":{"line":12,"column":40}},{"start":{"line":12,"column":43},"end":{"line":12,"column":61}}],"line":12},"7":{"loc":{"start":{"line":12,"column":12},"end":{"line":12,"column":33}},"type":"binary-expr","locations":[{"start":{"line":12,"column":12},"end":{"line":12,"column":15}},{"start":{"line":12,"column":19},"end":{"line":12,"column":33}}],"line":12},"8":{"loc":{"start":{"line":23,"column":8},"end":{"line":24,"column":29}},"type":"if","locations":[{"start":{"line":23,"column":8},"end":{"line":24,"column":29}},{"start":{"line":23,"column":8},"end":{"line":24,"column":29}}],"line":23},"9":{"loc":{"start":{"line":25,"column":8},"end":{"line":26,"column":25}},"type":"if","locations":[{"start":{"line":25,"column":8},"end":{"line":26,"column":25}},{"start":{"line":25,"column":8},"end":{"line":26,"column":25}}],"line":25},"10":{"loc":{"start":{"line":28,"column":8},"end":{"line":29,"column":23}},"type":"if","locations":[{"start":{"line":28,"column":8},"end":{"line":29,"column":23}},{"start":{"line":28,"column":8},"end":{"line":29,"column":23}}],"line":28},"11":{"loc":{"start":{"line":35,"column":8},"end":{"line":36,"column":29}},"type":"if","locations":[{"start":{"line":35,"column":8},"end":{"line":36,"column":29}},{"start":{"line":35,"column":8},"end":{"line":36,"column":29}}],"line":35},"12":{"loc":{"start":{"line":37,"column":8},"end":{"line":38,"column":25}},"type":"if","locations":[{"start":{"line":37,"column":8},"end":{"line":38,"column":25}},{"start":{"line":37,"column":8},"end":{"line":38,"column":25}}],"line":37}},"s":{"0":1,"1":0,"2":0,"3":0,"4":0,"5":0,"6":0,"7":0,"8":0,"9":0,"10":0,"11":0,"12":1,"13":3,"14":1,"15":1,"16":1,"17":1,"18":1,"19":0,"20":0,"21":0,"22":0,"23":0,"24":0,"25":0,"26":0,"27":0,"28":0,"29":0,"30":0,"31":0,"32":0,"33":0,"34":0,"35":0,"36":0,"37":0,"38":1},"f":{"0":0,"1":0,"2":0,"3":0,"4":0,"5":0,"6":0,"7":3,"8":0,"9":0,"10":0,"11":0},"b":{"0":[1,1,1],"1":[0,0],"2":[0,0],"3":[0,0],"4":[0,0],"5":[1,1,1],"6":[3,0],"7":[3,3],"8":[0,0],"9":[0,0],"10":[0,0],"11":[0,0],"12":[0,0]},"inputSourceMap":{"version":3,"file":"C:/Users/Andrus/Desktop/Kool/Valikpraktika/hk-tunniplaan/development/api/src/components/auth/service.ts","sources":["C:/Users/Andrus/Desktop/Kool/Valikpraktika/hk-tunniplaan/development/api/src/components/auth/service.ts"],"names":[],"mappings":";;;;;;;;;;;;;;AAAA,sCAAsC;AACtC,yCAAyC;AACzC,+DAA2C;AAC3C,kFAA0D;AAC1D,gFAAwD;AAExD,MAAM,YAAY,GAAG;IACnB,KAAK,EAAE,CAAO,KAAa,EAAE,QAAgB,EAAE,EAAE;QAC/C,MAAM,IAAI,GAAQ,MAAM,iBAAW,CAAC,cAAc,CAAC,KAAK,CAAC,CAAC;QAC1D,IAAI,IAAI,KAAK,SAAS;YAAE,OAAO,SAAS,CAAC;QACzC,IAAI,CAAC,IAAI;YAAE,OAAO,KAAK,CAAC;QACxB,MAAM,KAAK,GAAG,MAAM,qBAAW,CAAC,KAAK,CAAC,QAAQ,EAAE,IAAI,CAAC,QAAQ,CAAC,CAAC;QAC/D,IAAI,CAAC,KAAK;YAAE,OAAO,GAAG,CAAC;QACvB,MAAM,KAAK,GAAG,MAAM,oBAAU,CAAC,IAAI,CAAC,IAAI,CAAC,CAAC;QAC1C,OAAO,KAAK,CAAC;IACf,CAAC,CAAA;IACD,WAAW,EAAE,CAAO,KAAa,EAAE,EAAE;QACnC,MAAM,IAAI,GAAQ,MAAM,iBAAW,CAAC,cAAc,CAAC,KAAK,CAAC,CAAC;QAC1D,IAAI,IAAI,KAAK,SAAS;YAAE,OAAO,SAAS,CAAC;QACzC,IAAI,CAAC,IAAI;YAAE,OAAO,KAAK,CAAC;QACxB,MAAM,KAAK,GAAG,MAAM,oBAAU,CAAC,IAAI,CAAC,IAAI,CAAC,CAAC;QAC1C,OAAO,EAAE,KAAK,EAAE,IAAI,EAAE,CAAC;IACzB,CAAC,CAAA;CACF,CAAC;AAEF,kBAAe,YAAY,CAAC","sourcesContent":["/* eslint-disable import/extensions */\r\n/* eslint-disable import/no-unresolved */\r\nimport userService from '../users/service';\r\nimport hashService from '../general/services/hashService';\r\nimport jwtService from '../general/services/jwtService';\r\n\r\nconst loginService = {\r\n  login: async (email: string, password: string) => {\r\n    const user: any = await userService.getUserByEmail(email);\r\n    if (user === undefined) return undefined;\r\n    if (!user) return false;\r\n    const match = await hashService.match(password, user.password);\r\n    if (!match) return '0';\r\n    const token = await jwtService.sign(user);\r\n    return token;\r\n  },\r\n  googleLogin: async (email: string) => {\r\n    const user: any = await userService.getUserByEmail(email);\r\n    if (user === undefined) return undefined;\r\n    if (!user) return false;\r\n    const token = await jwtService.sign(user);\r\n    return { token, user };\r\n  },\r\n};\r\n\r\nexport default loginService;\r\n"]},"_coverageSchema":"1a1c01bbd47fc00a2c39e90264f33305004495a9","hash":"801670231393521a3043d1d855d641865f03892a","contentHash":"0b4bbbb204a1d9fc9b512b9a5c49cd1077226540ee6c53ff35b8e505fb3ea353"},"C:\\Users\\Andrus\\Desktop\\Kool\\Valikpraktika\\hk-tunniplaan\\development\\api\\src\\components\\users\\service.ts":{"path":"C:\\Users\\Andrus\\Desktop\\Kool\\Valikpraktika\\hk-tunniplaan\\development\\api\\src\\components\\users\\service.ts","statementMap":{"0":{"start":{"line":2,"column":16},"end":{"line":10,"column":1}},"1":{"start":{"line":3,"column":28},"end":{"line":3,"column":110}},"2":{"start":{"line":3,"column":91},"end":{"line":3,"column":106}},"3":{"start":{"line":4,"column":4},"end":{"line":9,"column":7}},"4":{"start":{"line":5,"column":36},"end":{"line":5,"column":97}},"5":{"start":{"line":5,"column":42},"end":{"line":5,"column":70}},"6":{"start":{"line":5,"column":85},"end":{"line":5,"column":95}},"7":{"start":{"line":6,"column":35},"end":{"line":6,"column":100}},"8":{"start":{"line":6,"column":41},"end":{"line":6,"column":73}},"9":{"start":{"line":6,"column":88},"end":{"line":6,"column":98}},"10":{"start":{"line":7,"column":32},"end":{"line":7,"column":116}},"11":{"start":{"line":8,"column":8},"end":{"line":8,"column":78}},"12":{"start":{"line":11,"column":22},"end":{"line":13,"column":1}},"13":{"start":{"line":12,"column":4},"end":{"line":12,"column":62}},"14":{"start":{"line":14,"column":0},"end":{"line":14,"column":62}},"15":{"start":{"line":15,"column":19},"end":{"line":15,"column":61}},"16":{"start":{"line":16,"column":20},"end":{"line":83,"column":1}},"17":{"start":{"line":17,"column":23},"end":{"line":25,"column":6}},"18":{"start":{"line":18,"column":8},"end":{"line":24,"column":9}},"19":{"start":{"line":19,"column":28},"end":{"line":19,"column":142}},"20":{"start":{"line":20,"column":12},"end":{"line":20,"column":25}},"21":{"start":{"line":23,"column":12},"end":{"line":23,"column":25}},"22":{"start":{"line":26,"column":25},"end":{"line":37,"column":6}},"23":{"start":{"line":27,"column":8},"end":{"line":36,"column":9}},"24":{"start":{"line":28,"column":27},"end":{"line":28,"column":206}},"25":{"start":{"line":29,"column":12},"end":{"line":31,"column":13}},"26":{"start":{"line":30,"column":16},"end":{"line":30,"column":31}},"27":{"start":{"line":32,"column":12},"end":{"line":32,"column":25}},"28":{"start":{"line":35,"column":12},"end":{"line":35,"column":25}},"29":{"start":{"line":38,"column":31},"end":{"line":49,"column":6}},"30":{"start":{"line":39,"column":8},"end":{"line":48,"column":9}},"31":{"start":{"line":40,"column":27},"end":{"line":40,"column":160}},"32":{"start":{"line":41,"column":12},"end":{"line":43,"column":13}},"33":{"start":{"line":42,"column":16},"end":{"line":42,"column":31}},"34":{"start":{"line":44,"column":12},"end":{"line":44,"column":25}},"35":{"start":{"line":47,"column":12},"end":{"line":47,"column":25}},"36":{"start":{"line":50,"column":29},"end":{"line":58,"column":6}},"37":{"start":{"line":51,"column":8},"end":{"line":57,"column":9}},"38":{"start":{"line":52,"column":29},"end":{"line":52,"column":97}},"39":{"start":{"line":53,"column":12},"end":{"line":53,"column":35}},"40":{"start":{"line":56,"column":12},"end":{"line":56,"column":25}},"41":{"start":{"line":59,"column":36},"end":{"line":70,"column":6}},"42":{"start":{"line":60,"column":8},"end":{"line":69,"column":9}},"43":{"start":{"line":61,"column":29},"end":{"line":61,"column":123}},"44":{"start":{"line":62,"column":12},"end":{"line":64,"column":13}},"45":{"start":{"line":63,"column":16},"end":{"line":63,"column":28}},"46":{"start":{"line":65,"column":12},"end":{"line":65,"column":25}},"47":{"start":{"line":68,"column":12},"end":{"line":68,"column":25}},"48":{"start":{"line":71,"column":24},"end":{"line":82,"column":6}},"49":{"start":{"line":72,"column":8},"end":{"line":81,"column":9}},"50":{"start":{"line":73,"column":29},"end":{"line":73,"column":159}},"51":{"start":{"line":74,"column":12},"end":{"line":76,"column":13}},"52":{"start":{"line":75,"column":16},"end":{"line":75,"column":28}},"53":{"start":{"line":77,"column":12},"end":{"line":77,"column":25}},"54":{"start":{"line":80,"column":12},"end":{"line":80,"column":25}},"55":{"start":{"line":84,"column":0},"end":{"line":84,"column":30}}},"fnMap":{"0":{"name":"(anonymous_0)","decl":{"start":{"line":2,"column":44},"end":{"line":2,"column":45}},"loc":{"start":{"line":2,"column":89},"end":{"line":10,"column":1}},"line":2},"1":{"name":"adopt","decl":{"start":{"line":3,"column":13},"end":{"line":3,"column":18}},"loc":{"start":{"line":3,"column":26},"end":{"line":3,"column":112}},"line":3},"2":{"name":"(anonymous_2)","decl":{"start":{"line":3,"column":70},"end":{"line":3,"column":71}},"loc":{"start":{"line":3,"column":89},"end":{"line":3,"column":108}},"line":3},"3":{"name":"(anonymous_3)","decl":{"start":{"line":4,"column":36},"end":{"line":4,"column":37}},"loc":{"start":{"line":4,"column":63},"end":{"line":9,"column":5}},"line":4},"4":{"name":"fulfilled","decl":{"start":{"line":5,"column":17},"end":{"line":5,"column":26}},"loc":{"start":{"line":5,"column":34},"end":{"line":5,"column":99}},"line":5},"5":{"name":"rejected","decl":{"start":{"line":6,"column":17},"end":{"line":6,"column":25}},"loc":{"start":{"line":6,"column":33},"end":{"line":6,"column":102}},"line":6},"6":{"name":"step","decl":{"start":{"line":7,"column":17},"end":{"line":7,"column":21}},"loc":{"start":{"line":7,"column":30},"end":{"line":7,"column":118}},"line":7},"7":{"name":"(anonymous_7)","decl":{"start":{"line":11,"column":56},"end":{"line":11,"column":57}},"loc":{"start":{"line":11,"column":71},"end":{"line":13,"column":1}},"line":11},"8":{"name":"(anonymous_8)","decl":{"start":{"line":17,"column":17},"end":{"line":17,"column":18}},"loc":{"start":{"line":17,"column":23},"end":{"line":25,"column":6}},"line":17},"9":{"name":"(anonymous_9)","decl":{"start":{"line":17,"column":57},"end":{"line":17,"column":58}},"loc":{"start":{"line":17,"column":70},"end":{"line":25,"column":5}},"line":17},"10":{"name":"(anonymous_10)","decl":{"start":{"line":26,"column":17},"end":{"line":26,"column":18}},"loc":{"start":{"line":26,"column":25},"end":{"line":37,"column":6}},"line":26},"11":{"name":"(anonymous_11)","decl":{"start":{"line":26,"column":59},"end":{"line":26,"column":60}},"loc":{"start":{"line":26,"column":72},"end":{"line":37,"column":5}},"line":26},"12":{"name":"(anonymous_12)","decl":{"start":{"line":38,"column":20},"end":{"line":38,"column":21}},"loc":{"start":{"line":38,"column":31},"end":{"line":49,"column":6}},"line":38},"13":{"name":"(anonymous_13)","decl":{"start":{"line":38,"column":65},"end":{"line":38,"column":66}},"loc":{"start":{"line":38,"column":78},"end":{"line":49,"column":5}},"line":38},"14":{"name":"(anonymous_14)","decl":{"start":{"line":50,"column":16},"end":{"line":50,"column":17}},"loc":{"start":{"line":50,"column":29},"end":{"line":58,"column":6}},"line":50},"15":{"name":"(anonymous_15)","decl":{"start":{"line":50,"column":63},"end":{"line":50,"column":64}},"loc":{"start":{"line":50,"column":76},"end":{"line":58,"column":5}},"line":50},"16":{"name":"(anonymous_16)","decl":{"start":{"line":59,"column":20},"end":{"line":59,"column":21}},"loc":{"start":{"line":59,"column":36},"end":{"line":70,"column":6}},"line":59},"17":{"name":"(anonymous_17)","decl":{"start":{"line":59,"column":70},"end":{"line":59,"column":71}},"loc":{"start":{"line":59,"column":83},"end":{"line":70,"column":5}},"line":59},"18":{"name":"(anonymous_18)","decl":{"start":{"line":71,"column":16},"end":{"line":71,"column":17}},"loc":{"start":{"line":71,"column":24},"end":{"line":82,"column":6}},"line":71},"19":{"name":"(anonymous_19)","decl":{"start":{"line":71,"column":58},"end":{"line":71,"column":59}},"loc":{"start":{"line":71,"column":71},"end":{"line":82,"column":5}},"line":71}},"branchMap":{"0":{"loc":{"start":{"line":2,"column":16},"end":{"line":10,"column":1}},"type":"binary-expr","locations":[{"start":{"line":2,"column":17},"end":{"line":2,"column":21}},{"start":{"line":2,"column":25},"end":{"line":2,"column":39}},{"start":{"line":2,"column":44},"end":{"line":10,"column":1}}],"line":2},"1":{"loc":{"start":{"line":3,"column":35},"end":{"line":3,"column":109}},"type":"cond-expr","locations":[{"start":{"line":3,"column":56},"end":{"line":3,"column":61}},{"start":{"line":3,"column":64},"end":{"line":3,"column":109}}],"line":3},"2":{"loc":{"start":{"line":4,"column":16},"end":{"line":4,"column":34}},"type":"binary-expr","locations":[{"start":{"line":4,"column":16},"end":{"line":4,"column":17}},{"start":{"line":4,"column":22},"end":{"line":4,"column":33}}],"line":4},"3":{"loc":{"start":{"line":7,"column":32},"end":{"line":7,"column":115}},"type":"cond-expr","locations":[{"start":{"line":7,"column":46},"end":{"line":7,"column":67}},{"start":{"line":7,"column":70},"end":{"line":7,"column":115}}],"line":7},"4":{"loc":{"start":{"line":8,"column":51},"end":{"line":8,"column":67}},"type":"binary-expr","locations":[{"start":{"line":8,"column":51},"end":{"line":8,"column":61}},{"start":{"line":8,"column":65},"end":{"line":8,"column":67}}],"line":8},"5":{"loc":{"start":{"line":11,"column":22},"end":{"line":13,"column":1}},"type":"binary-expr","locations":[{"start":{"line":11,"column":23},"end":{"line":11,"column":27}},{"start":{"line":11,"column":31},"end":{"line":11,"column":51}},{"start":{"line":11,"column":56},"end":{"line":13,"column":1}}],"line":11},"6":{"loc":{"start":{"line":12,"column":11},"end":{"line":12,"column":61}},"type":"cond-expr","locations":[{"start":{"line":12,"column":37},"end":{"line":12,"column":40}},{"start":{"line":12,"column":43},"end":{"line":12,"column":61}}],"line":12},"7":{"loc":{"start":{"line":12,"column":12},"end":{"line":12,"column":33}},"type":"binary-expr","locations":[{"start":{"line":12,"column":12},"end":{"line":12,"column":15}},{"start":{"line":12,"column":19},"end":{"line":12,"column":33}}],"line":12},"8":{"loc":{"start":{"line":29,"column":12},"end":{"line":31,"column":13}},"type":"if","locations":[{"start":{"line":29,"column":12},"end":{"line":31,"column":13}},{"start":{"line":29,"column":12},"end":{"line":31,"column":13}}],"line":29},"9":{"loc":{"start":{"line":41,"column":12},"end":{"line":43,"column":13}},"type":"if","locations":[{"start":{"line":41,"column":12},"end":{"line":43,"column":13}},{"start":{"line":41,"column":12},"end":{"line":43,"column":13}}],"line":41},"10":{"loc":{"start":{"line":62,"column":12},"end":{"line":64,"column":13}},"type":"if","locations":[{"start":{"line":62,"column":12},"end":{"line":64,"column":13}},{"start":{"line":62,"column":12},"end":{"line":64,"column":13}}],"line":62},"11":{"loc":{"start":{"line":74,"column":12},"end":{"line":76,"column":13}},"type":"if","locations":[{"start":{"line":74,"column":12},"end":{"line":76,"column":13}},{"start":{"line":74,"column":12},"end":{"line":76,"column":13}}],"line":74}},"s":{"0":1,"1":0,"2":0,"3":0,"4":0,"5":0,"6":0,"7":0,"8":0,"9":0,"10":0,"11":0,"12":1,"13":1,"14":1,"15":1,"16":1,"17":0,"18":0,"19":0,"20":0,"21":0,"22":0,"23":0,"24":0,"25":0,"26":0,"27":0,"28":0,"29":0,"30":0,"31":0,"32":0,"33":0,"34":0,"35":0,"36":0,"37":0,"38":0,"39":0,"40":0,"41":0,"42":0,"43":0,"44":0,"45":0,"46":0,"47":0,"48":0,"49":0,"50":0,"51":0,"52":0,"53":0,"54":0,"55":1},"f":{"0":0,"1":0,"2":0,"3":0,"4":0,"5":0,"6":0,"7":1,"8":0,"9":0,"10":0,"11":0,"12":0,"13":0,"14":0,"15":0,"16":0,"17":0,"18":0,"19":0},"b":{"0":[1,1,1],"1":[0,0],"2":[0,0],"3":[0,0],"4":[0,0],"5":[1,1,1],"6":[1,0],"7":[1,1],"8":[0,0],"9":[0,0],"10":[0,0],"11":[0,0]},"inputSourceMap":{"version":3,"file":"C:/Users/Andrus/Desktop/Kool/Valikpraktika/hk-tunniplaan/development/api/src/components/users/service.ts","sources":["C:/Users/Andrus/Desktop/Kool/Valikpraktika/hk-tunniplaan/development/api/src/components/users/service.ts"],"names":[],"mappings":";;;;;;;;;;;;;;AAIA,8DAAkC;AAElC,MAAM,WAAW,GAAG;IAClB,WAAW,EAAE,GAAmC,EAAE;QAChD,IAAI;YACF,MAAM,CAAC,KAAK,CAAC,GAA6B,MAAM,kBAAI,CAAC,KAAK,CACxD,kFAAkF,CACnF,CAAC;YACF,OAAO,KAAK,CAAC;SACd;QAAC,OAAO,KAAK,EAAE;YACd,OAAO,KAAK,CAAC;SACd;IACH,CAAC,CAAA;IACD,WAAW,EAAE,CAAO,EAAU,EAAsC,EAAE;QACpE,IAAI;YACF,MAAM,CAAC,IAAI,CAAC,GAA6B,MAAM,kBAAI,CAAC,KAAK,CACvD,6IAA6I,EAC7I,CAAC,EAAE,CAAC,CACL,CAAC;YACF,IAAI,IAAI,CAAC,CAAC,CAAC,KAAK,SAAS,EAAE;gBACzB,OAAO,IAAI,CAAC,CAAC,CAAC,CAAC;aAChB;YACD,OAAO,KAAK,CAAC;SACd;QAAC,OAAO,KAAK,EAAE;YACd,OAAO,KAAK,CAAC;SACd;IACH,CAAC,CAAA;IACD,cAAc,EAAE,CAAO,KAAa,EAAsC,EAAE;QAC1E,IAAI;YACF,MAAM,CAAC,IAAI,CAAC,GAA6B,MAAM,kBAAI,CAAC,KAAK,CACvD,4FAA4F,EAC5F,CAAC,KAAK,CAAC,CACR,CAAC;YACF,IAAI,IAAI,CAAC,CAAC,CAAC,KAAK,SAAS,EAAE;gBACzB,OAAO,IAAI,CAAC,CAAC,CAAC,CAAC;aAChB;YACD,OAAO,KAAK,CAAC;SACd;QAAC,OAAO,KAAK,EAAE;YACd,OAAO,KAAK,CAAC;SACd;IACH,CAAC,CAAA;IACD,UAAU,EAAE,CAAO,OAAiB,EAA2B,EAAE;QAC/D,IAAI;YACF,MAAM,CAAC,MAAM,CAAC,GAAqC,MAAM,kBAAI,CAAC,KAAK,CACjE,yBAAyB,EACzB,CAAC,OAAO,CAAC,CACV,CAAC;YACF,OAAO,MAAM,CAAC,QAAQ,CAAC;SACxB;QAAC,OAAO,KAAK,EAAE;YACd,OAAO,KAAK,CAAC;SACd;IACH,CAAC,CAAA;IACD,cAAc,EAAE,CAAO,UAAe,EAAgC,EAAE;QACtE,IAAI;YACF,MAAM,CAAC,MAAM,CAAC,GAAqC,MAAM,kBAAI,CAAC,KAAK,CACjE,iCAAiC,EACjC,CAAC,UAAU,EAAE,UAAU,CAAC,EAAE,CAAC,CAC5B,CAAC;YACF,IAAI,MAAM,CAAC,YAAY,GAAG,CAAC,EAAE;gBAC3B,OAAO,IAAI,CAAC;aACb;YACD,OAAO,KAAK,CAAC;SACd;QAAC,OAAO,KAAK,EAAE;YACd,OAAO,KAAK,CAAC;SACd;IACH,CAAC,CAAA;IACD,UAAU,EAAE,CAAO,EAAU,EAAgC,EAAE;QAC7D,IAAI;YACF,MAAM,CAAC,MAAM,CAAC,GAAqC,MAAM,kBAAI,CAAC,KAAK,CACjE,gFAAgF,EAChF,CAAC,IAAI,IAAI,EAAE,EAAE,EAAE,CAAC,CACjB,CAAC;YACF,IAAI,MAAM,CAAC,YAAY,GAAG,CAAC,EAAE;gBAC3B,OAAO,IAAI,CAAC;aACb;YACD,OAAO,KAAK,CAAC;SACd;QAAC,OAAO,KAAK,EAAE;YACd,OAAO,KAAK,CAAC;SACd;IACH,CAAC,CAAA;CACF,CAAC;AAEF,kBAAe,WAAW,CAAC","sourcesContent":["/* eslint-disable import/extensions */\r\n/* eslint-disable import/no-unresolved */\r\nimport { FieldPacket, ResultSetHeader } from 'mysql2';\r\nimport { INewUser, IUser } from './interfaces';\r\nimport pool from '../../database';\r\n\r\nconst userService = {\r\n  getAllUsers: async (): Promise<IUser[] | false> => {\r\n    try {\r\n      const [users]: [IUser[], FieldPacket[]] = await pool.query(\r\n        'SELECT id, firstName, lastName, email, role FROM users WHERE dateDeleted is NULL',\r\n      );\r\n      return users;\r\n    } catch (error) {\r\n      return false;\r\n    }\r\n  },\r\n  getUserById: async (id: number): Promise<IUser | false | undefined> => {\r\n    try {\r\n      const [user]: [IUser[], FieldPacket[]] = await pool.query(\r\n        'SELECT id, firstName, lastName, email, role, dateCreated, dateUpdated, dateDeleted  FROM users WHERE id = ? AND dateDeleted is NULL LIMIT 1',\r\n        [id],\r\n      );\r\n      if (user[0] !== undefined) {\r\n        return user[0];\r\n      }\r\n      return false;\r\n    } catch (error) {\r\n      return false;\r\n    }\r\n  },\r\n  getUserByEmail: async (email: string): Promise<IUser | false | undefined> => {\r\n    try {\r\n      const [user]: [IUser[], FieldPacket[]] = await pool.query(\r\n        'SELECT firstName, lastName, email, role FROM users WHERE email = ? AND dateDeleted is NULL',\r\n        [email],\r\n      );\r\n      if (user[0] !== undefined) {\r\n        return user[0];\r\n      }\r\n      return false;\r\n    } catch (error) {\r\n      return false;\r\n    }\r\n  },\r\n  createUser: async (newUser: INewUser): Promise<number | false> => {\r\n    try {\r\n      const [result]: [ResultSetHeader, FieldPacket[]] = await pool.query(\r\n        'INSERT INTO users SET ?',\r\n        [newUser],\r\n      );\r\n      return result.insertId;\r\n    } catch (error) {\r\n      return false;\r\n    }\r\n  },\r\n  updateUserById: async (updateUser: any): Promise<boolean | undefined> => {\r\n    try {\r\n      const [result]: [ResultSetHeader, FieldPacket[]] = await pool.query(\r\n        'UPDATE users SET ? WHERE Id = ?',\r\n        [updateUser, updateUser.id],\r\n      );\r\n      if (result.affectedRows > 0) {\r\n        return true;\r\n      }\r\n      return false;\r\n    } catch (error) {\r\n      return false;\r\n    }\r\n  },\r\n  deleteUser: async (id: number): Promise<boolean | undefined> => {\r\n    try {\r\n      const [result]: [ResultSetHeader, FieldPacket[]] = await pool.query(\r\n        \"UPDATE users SET dateDeleted = ?, email = CONCAT('deleted',email) WHERE id = ?\",\r\n        [new Date(), id],\r\n      );\r\n      if (result.affectedRows > 0) {\r\n        return true;\r\n      }\r\n      return false;\r\n    } catch (error) {\r\n      return false;\r\n    }\r\n  },\r\n};\r\n\r\nexport default userService;\r\n"]},"_coverageSchema":"1a1c01bbd47fc00a2c39e90264f33305004495a9","hash":"01908749f4cd2c7c06be096ea271e11a336ccb12","contentHash":"e39123163f3d3a56dff970dc005c979efbe5be4253e593d0856780b899bc88c8"},"C:\\Users\\Andrus\\Desktop\\Kool\\Valikpraktika\\hk-tunniplaan\\development\\api\\src\\database.ts":{"path":"C:\\Users\\Andrus\\Desktop\\Kool\\Valikpraktika\\hk-tunniplaan\\development\\api\\src\\database.ts","statementMap":{"0":{"start":{"line":2,"column":22},"end":{"line":4,"column":1}},"1":{"start":{"line":3,"column":4},"end":{"line":3,"column":62}},"2":{"start":{"line":5,"column":0},"end":{"line":5,"column":62}},"3":{"start":{"line":6,"column":17},"end":{"line":6,"column":51}},"4":{"start":{"line":7,"column":13},"end":{"line":18,"column":14}},"5":{"start":{"line":19,"column":0},"end":{"line":19,"column":23}}},"fnMap":{"0":{"name":"(anonymous_0)","decl":{"start":{"line":2,"column":56},"end":{"line":2,"column":57}},"loc":{"start":{"line":2,"column":71},"end":{"line":4,"column":1}},"line":2}},"branchMap":{"0":{"loc":{"start":{"line":2,"column":22},"end":{"line":4,"column":1}},"type":"binary-expr","locations":[{"start":{"line":2,"column":23},"end":{"line":2,"column":27}},{"start":{"line":2,"column":31},"end":{"line":2,"column":51}},{"start":{"line":2,"column":56},"end":{"line":4,"column":1}}],"line":2},"1":{"loc":{"start":{"line":3,"column":11},"end":{"line":3,"column":61}},"type":"cond-expr","locations":[{"start":{"line":3,"column":37},"end":{"line":3,"column":40}},{"start":{"line":3,"column":43},"end":{"line":3,"column":61}}],"line":3},"2":{"loc":{"start":{"line":3,"column":12},"end":{"line":3,"column":33}},"type":"binary-expr","locations":[{"start":{"line":3,"column":12},"end":{"line":3,"column":15}},{"start":{"line":3,"column":19},"end":{"line":3,"column":33}}],"line":3}},"s":{"0":1,"1":1,"2":1,"3":1,"4":1,"5":1},"f":{"0":1},"b":{"0":[1,1,1],"1":[0,1],"2":[1,1]},"inputSourceMap":{"version":3,"file":"C:/Users/Andrus/Desktop/Kool/Valikpraktika/hk-tunniplaan/development/api/src/database.ts","sources":["C:/Users/Andrus/Desktop/Kool/Valikpraktika/hk-tunniplaan/development/api/src/database.ts"],"names":[],"mappings":";;;;;AAAA,oDAA2B;AAE3B,MAAM,IAAI,GAAG,gBAAK;KACf,UAAU,CAAC;IACV,IAAI,EAAE,cAAc;IACpB,IAAI,EAAE,OAAO;IACb,QAAQ,EAAE,QAAQ;IAClB,QAAQ,EAAE,YAAY;IACtB,kBAAkB,EAAE,IAAI;IACxB,eAAe,EAAE,EAAE;IACnB,UAAU,EAAE,CAAC;IACb,OAAO,EAAE,SAAS;CACnB,CAAC;KACD,OAAO,EAAE,CAAC;AAEb,kBAAe,IAAI,CAAC","sourcesContent":["import mysql from 'mysql2';\r\n\r\nconst pool = mysql\r\n  .createPool({\r\n    host: 'mysql_server',\r\n    user: 'admin',\r\n    password: 'parool',\r\n    database: 'scheduleDb',\r\n    waitForConnections: true,\r\n    connectionLimit: 10,\r\n    queueLimit: 0,\r\n    charset: 'UTF8MB4',\r\n  })\r\n  .promise();\r\n\r\nexport default pool;\r\n"]},"_coverageSchema":"1a1c01bbd47fc00a2c39e90264f33305004495a9","hash":"370fba584ae9ef988a26a9b8066f057af8610002","contentHash":"72772be7fda885ede1d54900e50f124a4e4671893187a2cbbfbe8aee6668584f"},"C:\\Users\\Andrus\\Desktop\\Kool\\Valikpraktika\\hk-tunniplaan\\development\\api\\src\\components\\general\\services\\hashService.ts":{"path":"C:\\Users\\Andrus\\Desktop\\Kool\\Valikpraktika\\hk-tunniplaan\\development\\api\\src\\components\\general\\services\\hashService.ts","statementMap":{"0":{"start":{"line":2,"column":16},"end":{"line":10,"column":1}},"1":{"start":{"line":3,"column":28},"end":{"line":3,"column":110}},"2":{"start":{"line":3,"column":91},"end":{"line":3,"column":106}},"3":{"start":{"line":4,"column":4},"end":{"line":9,"column":7}},"4":{"start":{"line":5,"column":36},"end":{"line":5,"column":97}},"5":{"start":{"line":5,"column":42},"end":{"line":5,"column":70}},"6":{"start":{"line":5,"column":85},"end":{"line":5,"column":95}},"7":{"start":{"line":6,"column":35},"end":{"line":6,"column":100}},"8":{"start":{"line":6,"column":41},"end":{"line":6,"column":73}},"9":{"start":{"line":6,"column":88},"end":{"line":6,"column":98}},"10":{"start":{"line":7,"column":32},"end":{"line":7,"column":116}},"11":{"start":{"line":8,"column":8},"end":{"line":8,"column":78}},"12":{"start":{"line":11,"column":22},"end":{"line":13,"column":1}},"13":{"start":{"line":12,"column":4},"end":{"line":12,"column":62}},"14":{"start":{"line":14,"column":0},"end":{"line":14,"column":62}},"15":{"start":{"line":15,"column":17},"end":{"line":15,"column":51}},"16":{"start":{"line":16,"column":19},"end":{"line":16,"column":21}},"17":{"start":{"line":17,"column":20},"end":{"line":26,"column":1}},"18":{"start":{"line":18,"column":24},"end":{"line":21,"column":6}},"19":{"start":{"line":19,"column":21},"end":{"line":19,"column":70}},"20":{"start":{"line":20,"column":8},"end":{"line":20,"column":20}},"21":{"start":{"line":22,"column":31},"end":{"line":25,"column":6}},"22":{"start":{"line":23,"column":22},"end":{"line":23,"column":68}},"23":{"start":{"line":24,"column":8},"end":{"line":24,"column":21}},"24":{"start":{"line":27,"column":0},"end":{"line":27,"column":30}}},"fnMap":{"0":{"name":"(anonymous_0)","decl":{"start":{"line":2,"column":44},"end":{"line":2,"column":45}},"loc":{"start":{"line":2,"column":89},"end":{"line":10,"column":1}},"line":2},"1":{"name":"adopt","decl":{"start":{"line":3,"column":13},"end":{"line":3,"column":18}},"loc":{"start":{"line":3,"column":26},"end":{"line":3,"column":112}},"line":3},"2":{"name":"(anonymous_2)","decl":{"start":{"line":3,"column":70},"end":{"line":3,"column":71}},"loc":{"start":{"line":3,"column":89},"end":{"line":3,"column":108}},"line":3},"3":{"name":"(anonymous_3)","decl":{"start":{"line":4,"column":36},"end":{"line":4,"column":37}},"loc":{"start":{"line":4,"column":63},"end":{"line":9,"column":5}},"line":4},"4":{"name":"fulfilled","decl":{"start":{"line":5,"column":17},"end":{"line":5,"column":26}},"loc":{"start":{"line":5,"column":34},"end":{"line":5,"column":99}},"line":5},"5":{"name":"rejected","decl":{"start":{"line":6,"column":17},"end":{"line":6,"column":25}},"loc":{"start":{"line":6,"column":33},"end":{"line":6,"column":102}},"line":6},"6":{"name":"step","decl":{"start":{"line":7,"column":17},"end":{"line":7,"column":21}},"loc":{"start":{"line":7,"column":30},"end":{"line":7,"column":118}},"line":7},"7":{"name":"(anonymous_7)","decl":{"start":{"line":11,"column":56},"end":{"line":11,"column":57}},"loc":{"start":{"line":11,"column":71},"end":{"line":13,"column":1}},"line":11},"8":{"name":"(anonymous_8)","decl":{"start":{"line":18,"column":10},"end":{"line":18,"column":11}},"loc":{"start":{"line":18,"column":24},"end":{"line":21,"column":6}},"line":18},"9":{"name":"(anonymous_9)","decl":{"start":{"line":18,"column":58},"end":{"line":18,"column":59}},"loc":{"start":{"line":18,"column":71},"end":{"line":21,"column":5}},"line":18},"10":{"name":"(anonymous_10)","decl":{"start":{"line":22,"column":11},"end":{"line":22,"column":12}},"loc":{"start":{"line":22,"column":31},"end":{"line":25,"column":6}},"line":22},"11":{"name":"(anonymous_11)","decl":{"start":{"line":22,"column":65},"end":{"line":22,"column":66}},"loc":{"start":{"line":22,"column":78},"end":{"line":25,"column":5}},"line":22}},"branchMap":{"0":{"loc":{"start":{"line":2,"column":16},"end":{"line":10,"column":1}},"type":"binary-expr","locations":[{"start":{"line":2,"column":17},"end":{"line":2,"column":21}},{"start":{"line":2,"column":25},"end":{"line":2,"column":39}},{"start":{"line":2,"column":44},"end":{"line":10,"column":1}}],"line":2},"1":{"loc":{"start":{"line":3,"column":35},"end":{"line":3,"column":109}},"type":"cond-expr","locations":[{"start":{"line":3,"column":56},"end":{"line":3,"column":61}},{"start":{"line":3,"column":64},"end":{"line":3,"column":109}}],"line":3},"2":{"loc":{"start":{"line":4,"column":16},"end":{"line":4,"column":34}},"type":"binary-expr","locations":[{"start":{"line":4,"column":16},"end":{"line":4,"column":17}},{"start":{"line":4,"column":22},"end":{"line":4,"column":33}}],"line":4},"3":{"loc":{"start":{"line":7,"column":32},"end":{"line":7,"column":115}},"type":"cond-expr","locations":[{"start":{"line":7,"column":46},"end":{"line":7,"column":67}},{"start":{"line":7,"column":70},"end":{"line":7,"column":115}}],"line":7},"4":{"loc":{"start":{"line":8,"column":51},"end":{"line":8,"column":67}},"type":"binary-expr","locations":[{"start":{"line":8,"column":51},"end":{"line":8,"column":61}},{"start":{"line":8,"column":65},"end":{"line":8,"column":67}}],"line":8},"5":{"loc":{"start":{"line":11,"column":22},"end":{"line":13,"column":1}},"type":"binary-expr","locations":[{"start":{"line":11,"column":23},"end":{"line":11,"column":27}},{"start":{"line":11,"column":31},"end":{"line":11,"column":51}},{"start":{"line":11,"column":56},"end":{"line":13,"column":1}}],"line":11},"6":{"loc":{"start":{"line":12,"column":11},"end":{"line":12,"column":61}},"type":"cond-expr","locations":[{"start":{"line":12,"column":37},"end":{"line":12,"column":40}},{"start":{"line":12,"column":43},"end":{"line":12,"column":61}}],"line":12},"7":{"loc":{"start":{"line":12,"column":12},"end":{"line":12,"column":33}},"type":"binary-expr","locations":[{"start":{"line":12,"column":12},"end":{"line":12,"column":15}},{"start":{"line":12,"column":19},"end":{"line":12,"column":33}}],"line":12}},"s":{"0":1,"1":0,"2":0,"3":0,"4":0,"5":0,"6":0,"7":0,"8":0,"9":0,"10":0,"11":0,"12":1,"13":1,"14":1,"15":1,"16":1,"17":1,"18":0,"19":0,"20":0,"21":0,"22":0,"23":0,"24":1},"f":{"0":0,"1":0,"2":0,"3":0,"4":0,"5":0,"6":0,"7":1,"8":0,"9":0,"10":0,"11":0},"b":{"0":[1,1,1],"1":[0,0],"2":[0,0],"3":[0,0],"4":[0,0],"5":[1,1,1],"6":[0,1],"7":[1,1]},"inputSourceMap":{"version":3,"file":"C:/Users/Andrus/Desktop/Kool/Valikpraktika/hk-tunniplaan/development/api/src/components/general/services/hashService.ts","sources":["C:/Users/Andrus/Desktop/Kool/Valikpraktika/hk-tunniplaan/development/api/src/components/general/services/hashService.ts"],"names":[],"mappings":";;;;;;;;;;;;;;AAAA,oDAA4B;AAE5B,MAAM,UAAU,GAAG,EAAE,CAAC;AACtB,MAAM,WAAW,GAAG;IAClB,IAAI,EAAE,CAAO,QAAgB,EAAmB,EAAE;QAChD,MAAM,IAAI,GAAG,MAAM,gBAAM,CAAC,IAAI,CAAC,QAAQ,EAAE,UAAU,CAAC,CAAC;QACrD,OAAO,IAAI,CAAC;IACd,CAAC,CAAA;IACD,KAAK,EAAE,CAAO,QAAgB,EAAE,IAAY,EAAoB,EAAE;QAChE,MAAM,KAAK,GAAG,MAAM,gBAAM,CAAC,OAAO,CAAC,QAAQ,EAAE,IAAI,CAAC,CAAC;QACnD,OAAO,KAAK,CAAC;IACf,CAAC,CAAA;CACF,CAAC;AACF,kBAAe,WAAW,CAAC","sourcesContent":["import bcrypt from 'bcrypt';\r\n\r\nconst saltRounds = 10;\r\nconst hashService = {\r\n  hash: async (password: string): Promise<string> => {\r\n    const hash = await bcrypt.hash(password, saltRounds);\r\n    return hash;\r\n  },\r\n  match: async (password: string, hash: string): Promise<boolean> => {\r\n    const match = await bcrypt.compare(password, hash);\r\n    return match;\r\n  },\r\n};\r\nexport default hashService;\r\n"]},"_coverageSchema":"1a1c01bbd47fc00a2c39e90264f33305004495a9","hash":"e3b3dd5f4e6d263f0739b42dc5c1c75412ce5a09","contentHash":"4831f20364be290fb0c77991a6b1134a50a4263e6207c426b23900f01eb52436"},"C:\\Users\\Andrus\\Desktop\\Kool\\Valikpraktika\\hk-tunniplaan\\development\\api\\src\\components\\general\\services\\jwtService.ts":{"path":"C:\\Users\\Andrus\\Desktop\\Kool\\Valikpraktika\\hk-tunniplaan\\development\\api\\src\\components\\general\\services\\jwtService.ts","statementMap":{"0":{"start":{"line":2,"column":22},"end":{"line":4,"column":1}},"1":{"start":{"line":3,"column":4},"end":{"line":3,"column":62}},"2":{"start":{"line":5,"column":0},"end":{"line":5,"column":62}},"3":{"start":{"line":8,"column":23},"end":{"line":8,"column":63}},"4":{"start":{"line":9,"column":20},"end":{"line":9,"column":51}},"5":{"start":{"line":10,"column":19},"end":{"line":28,"column":1}},"6":{"start":{"line":12,"column":24},"end":{"line":15,"column":9}},"7":{"start":{"line":16,"column":22},"end":{"line":16,"column":92}},"8":{"start":{"line":17,"column":8},"end":{"line":17,"column":21}},"9":{"start":{"line":20,"column":8},"end":{"line":26,"column":9}},"10":{"start":{"line":21,"column":27},"end":{"line":21,"column":76}},"11":{"start":{"line":22,"column":12},"end":{"line":22,"column":26}},"12":{"start":{"line":25,"column":12},"end":{"line":25,"column":25}},"13":{"start":{"line":29,"column":0},"end":{"line":29,"column":29}}},"fnMap":{"0":{"name":"(anonymous_0)","decl":{"start":{"line":2,"column":56},"end":{"line":2,"column":57}},"loc":{"start":{"line":2,"column":71},"end":{"line":4,"column":1}},"line":2},"1":{"name":"(anonymous_1)","decl":{"start":{"line":11,"column":10},"end":{"line":11,"column":11}},"loc":{"start":{"line":11,"column":20},"end":{"line":18,"column":5}},"line":11},"2":{"name":"(anonymous_2)","decl":{"start":{"line":19,"column":12},"end":{"line":19,"column":13}},"loc":{"start":{"line":19,"column":23},"end":{"line":27,"column":5}},"line":19}},"branchMap":{"0":{"loc":{"start":{"line":2,"column":22},"end":{"line":4,"column":1}},"type":"binary-expr","locations":[{"start":{"line":2,"column":23},"end":{"line":2,"column":27}},{"start":{"line":2,"column":31},"end":{"line":2,"column":51}},{"start":{"line":2,"column":56},"end":{"line":4,"column":1}}],"line":2},"1":{"loc":{"start":{"line":3,"column":11},"end":{"line":3,"column":61}},"type":"cond-expr","locations":[{"start":{"line":3,"column":37},"end":{"line":3,"column":40}},{"start":{"line":3,"column":43},"end":{"line":3,"column":61}}],"line":3},"2":{"loc":{"start":{"line":3,"column":12},"end":{"line":3,"column":33}},"type":"binary-expr","locations":[{"start":{"line":3,"column":12},"end":{"line":3,"column":15}},{"start":{"line":3,"column":19},"end":{"line":3,"column":33}}],"line":3}},"s":{"0":1,"1":1,"2":1,"3":1,"4":1,"5":1,"6":0,"7":0,"8":0,"9":0,"10":0,"11":0,"12":0,"13":1},"f":{"0":1,"1":0,"2":0},"b":{"0":[1,1,1],"1":[0,1],"2":[1,1]},"inputSourceMap":{"version":3,"file":"C:/Users/Andrus/Desktop/Kool/Valikpraktika/hk-tunniplaan/development/api/src/components/general/services/jwtService.ts","sources":["C:/Users/Andrus/Desktop/Kool/Valikpraktika/hk-tunniplaan/development/api/src/components/general/services/jwtService.ts"],"names":[],"mappings":";;;;;AAAA,sCAAsC;AACtC,yCAAyC;AACzC,gEAA+B;AAG/B,MAAM,WAAW,GAAG,+BAA+B,CAAC;AAEpD,MAAM,UAAU,GAAG;IACjB,IAAI,EAAE,CAAC,IAAW,EAAE,EAAE;QACpB,MAAM,OAAO,GAAG;YACd,EAAE,EAAE,IAAI,CAAC,EAAE;YACX,IAAI,EAAE,IAAI,CAAC,IAAI;SAChB,CAAC;QACF,MAAM,KAAK,GAAG,sBAAG,CAAC,IAAI,CAAC,OAAO,EAAE,WAAW,EAAE,EAAE,SAAS,EAAE,IAAI,EAAE,CAAC,CAAC;QAClE,OAAO,KAAK,CAAC;IACf,CAAC;IACD,MAAM,EAAE,CAAC,KAAa,EAAE,EAAE;QACxB,IAAI;YACF,MAAM,MAAM,GAAG,sBAAG,CAAC,MAAM,CAAC,KAAK,EAAE,WAAW,CAAC,CAAC;YAC9C,OAAO,MAAM,CAAC;SACf;QAAC,WAAM;YACN,OAAO,KAAK,CAAC;SACd;IACH,CAAC;CACF,CAAC;AAEF,kBAAe,UAAU,CAAC","sourcesContent":["/* eslint-disable import/extensions */\r\n/* eslint-disable import/no-unresolved */\r\nimport jwt from 'jsonwebtoken';\r\nimport { IUser } from '../../users/interfaces';\r\n\r\nconst jwtPassword = 'jagj9032jfKJKJgka903dsksfjsöd';\r\n\r\nconst jwtService = {\r\n  sign: (user: IUser) => {\r\n    const payload = {\r\n      id: user.id,\r\n      role: user.role,\r\n    };\r\n    const token = jwt.sign(payload, jwtPassword, { expiresIn: '1h' });\r\n    return token;\r\n  },\r\n  verify: (token: string) => {\r\n    try {\r\n      const verify = jwt.verify(token, jwtPassword);\r\n      return verify;\r\n    } catch {\r\n      return false;\r\n    }\r\n  },\r\n};\r\n\r\nexport default jwtService;\r\n"]},"_coverageSchema":"1a1c01bbd47fc00a2c39e90264f33305004495a9","hash":"4ff4ab486795cbc8dbbbc8cc2386a999ef06a87d","contentHash":"bbdf8656dedf82bd3eeafdd223df3fa20b4f0af550dd8f908a04e01c728f7271"},"C:\\Users\\Andrus\\Desktop\\Kool\\Valikpraktika\\hk-tunniplaan\\development\\api\\src\\components\\general\\responseCodes.ts":{"path":"C:\\Users\\Andrus\\Desktop\\Kool\\Valikpraktika\\hk-tunniplaan\\development\\api\\src\\components\\general\\responseCodes.ts","statementMap":{"0":{"start":{"line":2,"column":0},"end":{"line":2,"column":62}},"1":{"start":{"line":4,"column":22},"end":{"line":12,"column":1}},"2":{"start":{"line":13,"column":0},"end":{"line":13,"column":32}}},"fnMap":{},"branchMap":{},"s":{"0":1,"1":1,"2":1},"f":{},"b":{},"inputSourceMap":{"version":3,"file":"C:/Users/Andrus/Desktop/Kool/Valikpraktika/hk-tunniplaan/development/api/src/components/general/responseCodes.ts","sources":["C:/Users/Andrus/Desktop/Kool/Valikpraktika/hk-tunniplaan/development/api/src/components/general/responseCodes.ts"],"names":[],"mappings":";;AAAA,sBAAsB;AACtB,MAAM,aAAa,GAAG;IACpB,EAAE,EAAE,GAAG;IACP,OAAO,EAAE,GAAG;IACZ,SAAS,EAAE,GAAG;IACd,UAAU,EAAE,GAAG;IACf,aAAa,EAAE,GAAG;IAClB,QAAQ,EAAE,GAAG;IACb,WAAW,EAAE,GAAG;CACjB,CAAC;AAEF,kBAAe,aAAa,CAAC","sourcesContent":["// Http response codes\r\nconst responseCodes = {\r\n  ok: 200,\r\n  created: 201,\r\n  noContent: 204,\r\n  badRequest: 400,\r\n  notAuthorized: 401,\r\n  notFound: 404,\r\n  ServerError: 500,\r\n};\r\n\r\nexport default responseCodes;\r\n"]},"_coverageSchema":"1a1c01bbd47fc00a2c39e90264f33305004495a9","hash":"b7f0eaf3f25a2fa382f0b4ca9ff563f7dbb03df1","contentHash":"f75473e3e4acb9a4fdbf2cd29f9980cbb4d31888efa1b954e916aa4779b62c24"},"C:\\Users\\Andrus\\Desktop\\Kool\\Valikpraktika\\hk-tunniplaan\\development\\api\\src\\components\\users\\controller.ts":{"path":"C:\\Users\\Andrus\\Desktop\\Kool\\Valikpraktika\\hk-tunniplaan\\development\\api\\src\\components\\users\\controller.ts","statementMap":{"0":{"start":{"line":2,"column":16},"end":{"line":10,"column":1}},"1":{"start":{"line":3,"column":28},"end":{"line":3,"column":110}},"2":{"start":{"line":3,"column":91},"end":{"line":3,"column":106}},"3":{"start":{"line":4,"column":4},"end":{"line":9,"column":7}},"4":{"start":{"line":5,"column":36},"end":{"line":5,"column":97}},"5":{"start":{"line":5,"column":42},"end":{"line":5,"column":70}},"6":{"start":{"line":5,"column":85},"end":{"line":5,"column":95}},"7":{"start":{"line":6,"column":35},"end":{"line":6,"column":100}},"8":{"start":{"line":6,"column":41},"end":{"line":6,"column":73}},"9":{"start":{"line":6,"column":88},"end":{"line":6,"column":98}},"10":{"start":{"line":7,"column":32},"end":{"line":7,"column":116}},"11":{"start":{"line":8,"column":8},"end":{"line":8,"column":78}},"12":{"start":{"line":11,"column":22},"end":{"line":13,"column":1}},"13":{"start":{"line":12,"column":4},"end":{"line":12,"column":62}},"14":{"start":{"line":14,"column":0},"end":{"line":14,"column":62}},"15":{"start":{"line":15,"column":24},"end":{"line":15,"column":76}},"16":{"start":{"line":16,"column":18},"end":{"line":16,"column":55}},"17":{"start":{"line":17,"column":23},"end":{"line":147,"column":1}},"18":{"start":{"line":18,"column":31},"end":{"line":28,"column":6}},"19":{"start":{"line":19,"column":22},"end":{"line":19,"column":59}},"20":{"start":{"line":20,"column":8},"end":{"line":24,"column":9}},"21":{"start":{"line":21,"column":12},"end":{"line":23,"column":15}},"22":{"start":{"line":25,"column":8},"end":{"line":27,"column":11}},"23":{"start":{"line":29,"column":31},"end":{"line":55,"column":6}},"24":{"start":{"line":30,"column":19},"end":{"line":30,"column":46}},"25":{"start":{"line":31,"column":
[...]
QACV,OAAO,GAAG,CAAC,MAAM,CAAC,uBAAa,CAAC,aAAa,CAAC,CAAC,IAAI,CAAC;YAClD,KAAK,EAAE,mBAAmB;SAC3B,CAAC,CAAC;KACJ;IACD,MAAM,OAAO,GAAG,oBAAU,CAAC,MAAM,CAAC,KAAK,CAAC,CAAC;IACzC,IAAI,CAAC,OAAO,EAAE;QACZ,OAAO,GAAG,CAAC,MAAM,CAAC,uBAAa,CAAC,aAAa,CAAC,CAAC,IAAI,CAAC;YAClD,KAAK,EAAE,eAAe;SACvB,CAAC,CAAC;KACJ;IACD,GAAG,CAAC,MAAM,CAAC,IAAI,GAAG,OAAO,CAAC;IAC1B,OAAO,IAAI,EAAE,CAAC;AAChB,CAAC,CAAC;AAEF,kBAAe,UAAU,CAAC","sourcesContent":["/* eslint-disable import/extensions */\r\n/* eslint-disable import/no-unresolved */\r\nimport { Request, Response, NextFunction } from 'express';\r\nimport jwtService from '../general/services/jwtService';\r\nimport responseCodes from '../general/responseCodes';\r\n\r\nconst isLoggedIn = (req: Request, res: Response, next: NextFunction) => {\r\n  const authHeader = req.headers.authorization;\r\n  const token = authHeader?.split(' ')[1];\r\n  if (!token) {\r\n    return res.status(responseCodes.notAuthorized).json({\r\n      error: 'No token provided',\r\n    });\r\n  }\r\n  const payload = jwtService.verify(token);\r\n  if (!payload) {\r\n    return res.status(responseCodes.notAuthorized).json({\r\n      error: 'Invalid token',\r\n    });\r\n  }\r\n  res.locals.user = payload;\r\n  return next();\r\n};\r\n\r\nexport default isLoggedIn;\r\n"]},"_coverageSchema":"1a1c01bbd47fc00a2c39e90264f33305004495a9","hash":"d4567ea76e83df72c5e0af154688811a4c486ba5","contentHash":"3f006351a8bd84f92edf84d8fd6ae3fb14184bdee23082ccce6a664fcc8d62e5"},"C:\\Users\\Andrus\\Desktop\\Kool\\Valikpraktika\\hk-tunniplaan\\development\\api\\src\\components\\course\\interface.ts":{"path":"C:\\Users\\Andrus\\Desktop\\Kool\\Valikpraktika\\hk-tunniplaan\\development\\api\\src\\components\\course\\interface.ts","statementMap":{"0":{"start":{"line":2,"column":0},"end":{"line":2,"column":62}}},"fnMap":{},"branchMap":{},"s":{"0":1},"f":{},"b":{},"inputSourceMap":{"version":3,"file":"C:/Users/Andrus/Desktop/Kool/Valikpraktika/hk-tunniplaan/development/api/src/components/course/interface.ts","sources":["C:/Users/Andrus/Desktop/Kool/Valikpraktika/hk-tunniplaan/development/api/src/components/course/interface.ts"],"names":[],"mappings":"","sourcesContent":["import { RowDataPacket } from 'mysql2';\r\n\r\ninterface ICourse extends RowDataPacket {\r\n  id: number;\r\n  courseCode: string;\r\n  courseName: string;\r\n  dateCreated: Date;\r\n  dateUpdated: Date;\r\n  dateDeleted: Date | null;\r\n}\r\n\r\nexport default ICourse;\r\n"]},"_coverageSchema":"1a1c01bbd47fc00a2c39e90264f33305004495a9","hash":"82dd3a2ea54fa2e94243fd77cfa4a81f35327b4e","contentHash":"682765d821f39770ba77a02a26d178cb61c26feabce99f97d2471e7e84942114"},"C:\\Users\\Andrus\\Desktop\\Kool\\Valikpraktika\\hk-tunniplaan\\development\\api\\src\\components\\general\\middleware\\checkLetterAndNumberMiddleware.ts":{"path":"C:\\Users\\Andrus\\Desktop\\Kool\\Valikpraktika\\hk-tunniplaan\\development\\api\\src\\components\\general\\middleware\\checkLetterAndNumberMiddleware.ts","statementMap":{"0":{"start":{"line":2,"column":22},"end":{"line":4,"column":1}},"1":{"start":{"line":3,"column":4},"end":{"line":3,"column":62}},"2":{"start":{"line":5,"column":0},"end":{"line":5,"column":62}},"3":{"start":{"line":6,"column":24},"end":{"line":6,"column":68}},"4":{"start":{"line":7,"column":18},"end":{"line":7,"column":65}},"5":{"start":{"line":8,"column":31},"end":{"line":23,"column":1}},"6":{"start":{"line":9,"column":35},"end":{"line":9,"column":43}},"7":{"start":{"line":10,"column":24},"end":{"line":10,"column":28}},"8":{"start":{"line":11,"column":22},"end":{"line":11,"column":26}},"9":{"start":{"line":15,"column":4},"end":{"line":15,"column":60}},"10":{"start":{"line":16,"column":4},"end":{"line":16,"column":56}},"11":{"start":{"line":17,"column":4},"end":{"line":19,"column":5}},"12":{"start":{"line":18,"column":8},"end":{"line":18,"column":22}},"13":{"start":{"line":20,"column":4},"end":{"line":22,"column":7}},"14":{"start":{"line":24,"column":0},"end":{"line":24,"column":41}}},"fnMap":{"0":{"name":"(anonymous_0)","decl":{"start":{"line":2,"column":56},"end":{"line":2,"column":57}},"loc":{"start":{"line":2,"column":71},"end":{"line":4,"column":1}},"line":2},"1":{"name":"(anonymous_1)","decl":{"start":{"line":8,"column":31},"end":{"line":8,"column":32}},"loc":{"start":{"line":8,"column":51},"end":{"line":23,"column":1}},"line":8}},"branchMap":{"0":{"loc":{"start":{"line":2,"column":22},"end":{"line":4,"column":1}},"type":"binary-expr","locations":[{"start":{"line":2,"column":23},"end":{"line":2,"column":27}},{"start":{"line":2,"column":31},"end":{"line":2,"column":51}},{"start":{"line":2,"column":56},"end":{"line":4,"column":1}}],"line":2},"1":{"loc":{"start":{"line":3,"column":11},"end":{"line":3,"column":61}},"type":"cond-expr","locations":[{"start":{"line":3,"column":37},"end":{"line":3,"column":40}},{"start":{"line":3,"column":43},"end":{"line":3,"column":61}}],"line":3},"2":{"loc":{"start":{"line":3,"column":12},"end":{"line":3,"column":33}},"type":"binary-expr","locations":[{"start":{"line":3,"column":12},"end":{"line":3,"column":15}},{"start":{"line":3,"column":19},"end":{"line":3,"column":33}}],"line":3},"3":{"loc":{"start":{"line":17,"column":4},"end":{"line":19,"column":5}},"type":"if","locations":[{"start":{"line":17,"column":4},"end":{"line":19,"column":5}},{"start":{"line":17,"column":4},"end":{"line":19,"column":5}}],"line":17},"4":{"loc":{"start":{"line":17,"column":8},"end":{"line":17,"column":36}},"type":"binary-expr","locations":[{"start":{"line":17,"column":8},"end":{"line":17,"column":21}},{"start":{"line":17,"column":25},"end":{"line":17,"column":36}}],"line":17}},"s":{"0":1,"1":2,"2":1,"3":1,"4":1,"5":1,"6":0,"7":0,"8":0,"9":0,"10":0,"11":0,"12":0,"13":0,"14":1},"f":{"0":2,"1":0},"b":{"0":[1,1,1],"1":[2,0],"2":[2,2],"3":[0,0],"4":[0,0]},"inputSourceMap":{"version":3,"file":"C:/Users/Andrus/Desktop/Kool/Valikpraktika/hk-tunniplaan/development/api/src/components/general/middleware/checkLetterAndNumberMiddleware.ts","sources":["C:/Users/Andrus/Desktop/Kool/Valikpraktika/hk-tunniplaan/development/api/src/components/general/middleware/checkLetterAndNumberMiddleware.ts"],"names":[],"mappings":";;;;;AAGA,qEAA6C;AAC7C,kEAAgD;AAEhD,MAAM,sBAAsB,GAAG,CAC7B,GAAY,EACZ,GAAa,EACb,IAAkB,EAClB,EAAE;IACF,MAAM,EAAE,SAAS,EAAE,OAAO,EAAE,GAAG,GAAG,CAAC,IAAI,CAAC;IACxC,IAAI,aAAa,GAAG,IAAI,CAAC;IACzB,IAAI,WAAW,GAAG,IAAI,CAAC;IAEvB,+DAA+D;IAC/D,4EAA4E;IAC5E,sEAAsE;IAEtE,aAAa,GAAG,iBAAa,CAAC,UAAU,CAAC,SAAS,CAAC,CAAC;IACpD,WAAW,GAAG,iBAAa,CAAC,UAAU,CAAC,OAAO,CAAC,CAAC;IAEhD,IAAI,aAAa,IAAI,WAAW,EAAE;QAChC,OAAO,IAAI,EAAE,CAAC;KACf;IACD,OAAO,GAAG,CAAC,MAAM,CAAC,uBAAa,CAAC,UAAU,CAAC,CAAC,IAAI,CAAC;QAC/C,KAAK,EAAE,sCAAsC;KAC9C,CAAC,CAAC;AACL,CAAC,CAAC;AAEF,kBAAe,sBAAsB,CAAC","sourcesContent":["/* eslint-disable import/extensions */\r\n/* eslint-disable import/no-unresolved */\r\nimport { Request, Response, NextFunction } from 'express';\r\nimport responseCodes from '../responseCodes';\r\nimport validateField from '../services/service';\r\n\r\nconst checkAlphabetAndNumber = (\r\n  req: Request,\r\n  res: Response,\r\n  next: NextFunction,\r\n) => {\r\n  const { scheduled, subject } = req.body;\r\n  let testScheduled = true;\r\n  let testSubject = true;\r\n\r\n  // Järgnevad kaks rida välja kommenteeritud ja ümber kirjutatud\r\n  // scheduled ? (testScheduled = validateField.testFields(scheduled)) : true;\r\n  // subject ? (testSubject = validateField.testFields(subject)) : true;\r\n\r\n  testScheduled = validateField.testFields(scheduled);\r\n  testSubject = validateField.testFields(subject);\r\n\r\n  if (testScheduled && testSubject) {\r\n    return next();\r\n  }\r\n  return res.status(responseCodes.badRequest).json({\r\n    error: 'Insert only letters, numbers or -.,!',\r\n  });\r\n};\r\n\r\nexport default checkAlphabetAndNumber;\r\n"]},"_coverageSchema":"1a1c01bbd47fc00a2c39e90264f33305004495a9","hash":"7ef0dbe9d2294ed8ffc586c7b927c5086e135557","contentHash":"9b0bd487d03c1218ac9fbd4009ca8edd334ff96cd3b7a9bf62408763f984a376"},"C:\\Users\\Andrus\\Desktop\\Kool\\Valikpraktika\\hk-tunniplaan\\development\\api\\src\\components\\homework\\interface.ts":{"path":"C:\\Users\\Andrus\\Desktop\\Kool\\Valikpraktika\\hk-tunniplaan\\development\\api\\src\\components\\homework\\interface.ts","statementMap":{"0":{"start":{"line":2,"column":0},"end":{"line":2,"column":62}}},"fnMap":{},"branchMap":{},"s":{"0":1},"f":{},"b":{},"inputSourceMap":{"version":3,"file":"C:/Users/Andrus/Desktop/Kool/Valikpraktika/hk-tunniplaan/development/api/src/components/homework/interface.ts","sources":["C:/Users/Andrus/Desktop/Kool/Valikpraktika/hk-tunniplaan/development/api/src/components/homework/interface.ts"],"names":[],"mappings":"","sourcesContent":["import { RowDataPacket } from 'mysql2';\r\n\r\ninterface Ihomework extends RowDataPacket {\r\n  id: number;\r\n  description?: string;\r\n  dueDate?: Date | null;\r\n  extrasLink?:string | null;\r\n  subjectCode?: number | null;\r\n  subjects_Id?: number | null;\r\n  dateCreated?: Date;\r\n  dateUpdated?: Date;\r\n  dateDeleted?: Date | null;\r\n}\r\n\r\nexport default Ihomework;\r\n"]},"_coverageSchema":"1a1c01bbd47fc00a2c39e90264f33305004495a9","hash":"a9b85c5123048373c5d6312915c9a03608111a8b","contentHash":"394fd9bfeaa7ecc592788c91052544e4543e1a121daae692c02c0005cd272264"},"C:\\Users\\Andrus\\Desktop\\Kool\\Valikpraktika\\hk-tunniplaan\\development\\api\\src\\components\\lector\\interfaces.ts":{"path":"C:\\Users\\Andrus\\Desktop\\Kool\\Valikpraktika\\hk-tunniplaan\\development\\api\\src\\components\\lector\\interfaces.ts","statementMap":{"0":{"start":{"line":2,"column":0},"end":{"line":2,"column":62}}},"fnMap":{},"branchMap":{},"s":{"0":1},"f":{},"b":{},"inputSourceMap":{"version":3,"file":"C:/Users/Andrus/Desktop/Kool/Valikpraktika/hk-tunniplaan/development/api/src/components/lector/interfaces.ts","sources":["C:/Users/Andrus/Desktop/Kool/Valikpraktika/hk-tunniplaan/development/api/src/components/lector/interfaces.ts"],"names":[],"mappings":"","sourcesContent":["import { RowDataPacket } from 'mysql2';\r\n\r\ninterface ILector extends RowDataPacket {\r\n  id: number;\r\n  firstName: string;\r\n  lastName: string;\r\n  email: string;\r\n  dateCreated: Date;\r\n  dateUpdated: Date;\r\n  dateDeleted: Date | null;\r\n}\r\ninterface INewLector {\r\n  firstName: string;\r\n  lastName: string;\r\n  email: string;\r\n}\r\ninterface ILecturerSubjects extends RowDataPacket {\r\n  fullName: string;\r\n  activeSubjects: number;\r\n}\r\n\r\nexport { ILector, INewLector, ILecturerSubjects };\r\n"]},"_coverageSchema":"1a1c01bbd47fc00a2c39e90264f33305004495a9","hash":"0163a4e901e775a06e12b95002f882360bea7c56","contentHash":"82607cb40c93ff3a749a48ca8caf13fcf60b8816d2cfe96ee54de52bf2fe92d2"},"C:\\Users\\Andrus\\Desktop\\Kool\\Valikpraktika\\hk-tunniplaan\\development\\api\\src\\components\\room\\interface.ts":{"path":"C:\\Users\\Andrus\\Desktop\\Kool\\Valikpraktika\\hk-tunniplaan\\development\\api\\src\\components\\room\\interface.ts","statementMap":{"0":{"start":{"line":2,"column":0},"end":{"line":2,"column":62}}},"fnMap":{},"branchMap":{},"s":{"0":1},"f":{},"b":{},"inputSourceMap":{"version":3,"file":"C:/Users/Andrus/Desktop/Kool/Valikpraktika/hk-tunniplaan/development/api/src/components/room/interface.ts","sources":["C:/Users/Andrus/Desktop/Kool/Valikpraktika/hk-tunniplaan/development/api/src/components/room/interface.ts"],"names":[],"mappings":"","sourcesContent":["import { RowDataPacket } from 'mysql2';\r\n\r\ninterface IRoom extends RowDataPacket {\r\n  id: number;\r\n  room: string;\r\n  dateCreated: Date;\r\n  dateUpdated: Date;\r\n  dateDeleted: Date | null;\r\n}\r\n\r\nexport default IRoom;\r\n"]},"_coverageSchema":"1a1c01bbd47fc00a2c39e90264f33305004495a9","hash":"06435801aa538ea8eac602b9668d933dfa3f4acd","contentHash":"fc52ba78b09ae0b565b98c074860b4bb879dcb81aaccb103dd7e71851b40c9bb"},"C:\\Users\\Andrus\\Desktop\\Kool\\Valikpraktika\\hk-tunniplaan\\development\\api\\src\\components\\schedule\\interface.ts":{"path":"C:\\Users\\Andrus\\Desktop\\Kool\\Valikpraktika\\hk-tunniplaan\\development\\api\\src\\components\\schedule\\interface.ts","statementMap":{"0":{"start":{"line":2,"column":0},"end":{"line":2,"column":62}}},"fnMap":{},"branchMap":{},"s":{"0":1},"f":{},"b":{},"inputSourceMap":{"version":3,"file":"C:/Users/Andrus/Desktop/Kool/Valikpraktika/hk-tunniplaan/development/api/src/components/schedule/interface.ts","sources":["C:/Users/Andrus/Desktop/Kool/Valikpraktika/hk-tunniplaan/development/api/src/components/schedule/interface.ts"],"names":[],"mappings":"","sourcesContent":["import { RowDataPacket } from 'mysql2';\r\n\r\ninterface Iroom {\r\n roomId?:number;\r\n  room?:string ;\r\n\r\n}\r\ninterface Icourse {\r\n  courseId?:number;\r\n  courseCode?:string;\r\n  courseName?:string;\r\n}\r\ninterface Ilecturer {\r\n  lecturerId?:number\r\n  firstName?:string\r\n  lastName?:string\r\n}\r\ninterface ISchedule extends RowDataPacket {\r\n  id: number;\r\n  startTime: Date;\r\n  endTime: Date;\r\n  rooms: Iroom[] | null;\r\n  comment: string;\r\n  courses: Icourse[] | null;\r\n  subject: {};\r\n  subjectId?: number;\r\n  subjectCode?: string;\r\n  lecturers: Ilecturer[] | null;\r\n  atDate?:Date;\r\n  toDate?:Date;\r\n}\r\n\r\ninterface IhomeW {\r\n  id?: number;\r\n  description?: string;\r\n  dueDate?: Date | null;\r\n  extrasLink?: string | null;\r\n  subjectCode?: number | null;\r\n  subjects_Id?: number | null;\r\n  dateCreated?: Date;\r\n  dateUpdated?: Date;\r\n  dateDeleted?: Date | null;\r\n\r\n}\r\ninterface Isubject {\r\n  id?: number;\r\n  subjectCode?: string ;\r\n  subject?: string;\r\n\r\n }\r\nexport {\r\n  ISchedule, Iroom, Icourse, Ilecturer, IhomeW, Isubject,\r\n};\r\n"]},"_coverageSchema":"1a1c01bbd47fc00a2c39e90264f33305004495a9","hash":"c21ac2074da3df7f0b44c5c61fa455d9a5fde57e","contentHash":"a6d608c9d736faa8a17b8920c2426a4ad3d1d2353f5944fa25bb7f1fbdf0e6cd"},"C:\\Users\\Andrus\\Desktop\\Kool\\Valikpraktika\\hk-tunniplaan\\development\\api\\src\\components\\subjects\\interfaces.ts":{"path":"C:\\Users\\Andrus\\Desktop\\Kool\\Valikpraktika\\hk-tunniplaan\\development\\api\\src\\components\\subjects\\interfaces.ts","statementMap":{"0":{"start":{"line":2,"column":0},"end":{"line":2,"column":62}}},"fnMap":{},"branchMap":{},"s":{"0":1},"f":{},"b":{},"inputSourceMap":{"version":3,"file":"C:/Users/Andrus/Desktop/Kool/Valikpraktika/hk-tunniplaan/development/api/src/components/subjects/interfaces.ts","sources":["C:/Users/Andrus/Desktop/Kool/Valikpraktika/hk-tunniplaan/development/api/src/components/subjects/interfaces.ts"],"names":[],"mappings":"","sourcesContent":["import { RowDataPacket } from 'mysql2';\r\n\r\n// interface ISubject extends RowDataPacket {\r\n//   id: number;\r\n//   lecturers_id: number;\r\n//   coursesid: number;\r\n//   subject: string;\r\n//   scheduled: string;\r\n//   dateCreated: Date;\r\n//   dateUpdated: Date;\r\n//   dateDeleted: Date | null;\r\n// }\r\n\r\n// interface INewSubject {\r\n//   lecturers_id: number;\r\n//   courses_id: number;\r\n//   subject: string;\r\n//   scheduled: string;\r\n// }\r\n\r\ninterface ISubject extends RowDataPacket {\r\n  id: number;\r\n  subject: string;\r\n  subjectCode: string;\r\n  creditPoint: number;\r\n  dateCreated: Date;\r\n  dateUpdated: Date;\r\n  dateDeleted: Date | null;\r\n}\r\n\r\ninterface INewSubject {\r\n  subject: string;\r\n  subjectCode: string;\r\n  creditPoint: number;\r\n}\r\n\r\nexport { ISubject, INewSubject };\r\n"]},"_coverageSchema":"1a1c01bbd47fc00a2c39e90264f33305004495a9","hash":"b33bb44c94171850d960e92ed92ddfba53ddb479","contentHash":"455c6a002acdbfcb72d18f65e7dc6554fbbe0e3141f4406b8c0f1a5baf561283"},"C:\\Users\\Andrus\\Desktop\\Kool\\Valikpraktika\\hk-tunniplaan\\development\\api\\src\\components\\users\\interfaces.ts":{"path":"C:\\Users\\Andrus\\Desktop\\Kool\\Valikpraktika\\hk-tunniplaan\\development\\api\\src\\components\\users\\interfaces.ts","statementMap":{"0":{"start":{"line":2,"column":0},"end":{"line":2,"column":62}}},"fnMap":{},"branchMap":{},"s":{"0":1},"f":{},"b":{},"inputSourceMap":{"version":3,"file":"C:/Users/Andrus/Desktop/Kool/Valikpraktika/hk-tunniplaan/development/api/src/components/users/interfaces.ts","sources":["C:/Users/Andrus/Desktop/Kool/Valikpraktika/hk-tunniplaan/development/api/src/components/users/interfaces.ts"],"names":[],"mappings":"","sourcesContent":["import { RowDataPacket } from 'mysql2';\r\n\r\ninterface INewUser {\r\n  firstName: string;\r\n  lastName: string;\r\n  email: string;\r\n  role: 'Admin' | 'User';\r\n}\r\n\r\ninterface IUser extends INewUser, RowDataPacket {\r\n  id: number;\r\n  dateCreated: Date;\r\n  dateUpdated: Date;\r\n  dateDeleted: Date | null;\r\n}\r\n\r\ninterface IUpdateUser {\r\n  id: number;\r\n  firstName?: string;\r\n  lastName?: string;\r\n  email?: string;\r\n  role?: 'admin' | 'user'| 'lecturer'| 'student';\r\n}\r\n\r\nexport { IUser, IUpdateUser, INewUser };\r\n"]},"_coverageSchema":"1a1c01bbd47fc00a2c39e90264f33305004495a9","hash":"aa79bb06077c4a79549ec9c17a23c0d153e41d76","contentHash":"d161a0c33afbb7808a3146dee8b5147d8472b320d0b4319ecfbdfeefd036d070"},"C:\\Users\\Andrus\\Desktop\\Kool\\Valikpraktika\\hk-tunniplaan\\development\\api\\src\\index.ts":{"path":"C:\\Users\\Andrus\\Desktop\\Kool\\Valikpraktika\\hk-tunniplaan\\development\\api\\src\\index.ts","statementMap":{"0":{"start":{"line":2,"column":22},"end":{"line":4,"column":1}},"1":{"start":{"line":3,"column":4},"end":{"line":3,"column":62}},"2":{"start":{"line":5,"column":0},"end":{"line":5,"column":62}},"3":{"start":{"line":8,"column":14},"end":{"line":8,"column":47}},"4":{"start":{"line":9,"column":13},"end":{"line":9,"column":17}},"5":{"start":{"line":11,"column":0},"end":{"line":14,"column":3}},"6":{"start":{"line":13,"column":4},"end":{"line":13,"column":50}}},"fnMap":{"0":{"name":"(anonymous_0)","decl":{"start":{"line":2,"column":56},"end":{"line":2,"column":57}},"loc":{"start":{"line":2,"column":71},"end":{"line":4,"column":1}},"line":2},"1":{"name":"(anonymous_1)","decl":{"start":{"line":11,"column":27},"end":{"line":11,"column":28}},"loc":{"start":{"line":11,"column":33},"end":{"line":14,"column":1}},"line":11}},"branchMap":{"0":{"loc":{"start":{"line":2,"column":22},"end":{"line":4,"column":1}},"type":"binary-expr","locations":[{"start":{"line":2,"column":23},"end":{"line":2,"column":27}},{"start":{"line":2,"column":31},"end":{"line":2,"column":51}},{"start":{"line":2,"column":56},"end":{"line":4,"column":1}}],"line":2},"1":{"loc":{"start":{"line":3,"column":11},"end":{"line":3,"column":61}},"type":"cond-expr","locations":[{"start":{"line":3,"column":37},"end":{"line":3,"column":40}},{"start":{"line":3,"column":43},"end":{"line":3,"column":61}}],"line":3},"2":{"loc":{"start":{"line":3,"column":12},"end":{"line":3,"column":33}},"type":"binary-expr","locations":[{"start":{"line":3,"column":12},"end":{"line":3,"column":15}},{"start":{"line":3,"column":19},"end":{"line":3,"column":33}}],"line":3}},"s":{"0":1,"1":1,"2":1,"3":1,"4":1,"5":1,"6":0},"f":{"0":1,"1":0},"b":{"0":[1,1,1],"1":[1,0],"2":[1,1]},"inputSourceMap":{"version":3,"file":"C:/Users/Andrus/Desktop/Kool/Valikpraktika/hk-tunniplaan/development/api/src/index.ts","sources":["C:/Users/Andrus/Desktop/Kool/Valikpraktika/hk-tunniplaan/development/api/src/index.ts"],"names":[],"mappings":";;;;;AAAA,yCAAyC;AACzC,sCAAsC;AACtC,gDAAwB;AAExB,MAAM,IAAI,GAAG,IAAI,CAAC;AAClB,YAAY;AACZ,aAAG,CAAC,MAAM,CAAC,IAAI,EAAE,GAAG,EAAE;IACpB,sCAAsC;IACtC,OAAO,CAAC,GAAG,CAAC,0BAA0B,IAAI,EAAE,CAAC,CAAC;AAChD,CAAC,CAAC,CAAC","sourcesContent":["/* eslint-disable import/no-unresolved */\r\n/* eslint-disable import/extensions */\r\nimport app from './app';\r\n\r\nconst port = 4000;\r\n// Start API\r\napp.listen(port, () => {\r\n  // eslint-disable-next-line no-console\r\n  console.log(`App is running on port ${port}`);\r\n});\r\n"]},"_coverageSchema":"1a1c01bbd47fc00a2c39e90264f33305004495a9","hash":"1bf164ee46cb5586ff8a8ee9b416dcc28468cd23","contentHash":"7771c058b33620c1a7b29fcf2574340d7398a8bda20f936dc58dfd7450bd5468"}}